[ 2017-04-04T21:32:36+08:00 ] 127.0.0.1 127.0.0.1 GET /
[ log ] lnbei.com/ [运行时间：2.469649s][吞吐率：0.40req/s] [内存消耗：1,512.27kb] [文件加载：38]
[ info ] [ LANG ] G:\linbei\root\phpace\thinkphp\lang\zh-cn.php
[ info ] [ ROUTE ] array (
  'type' => 'module',
  'module' => 
  array (
    0 => '',
    1 => NULL,
    2 => NULL,
  ),
)
[ info ] [ HEADER ] array (
  'host' => 'lnbei.com',
  'connection' => 'keep-alive',
  'upgrade-insecure-requests' => '1',
  'user-agent' => 'Mozilla/5.0 (Windows NT 10.0; WOW64) AppleWebKit/537.36 (KHTML, like Gecko) Chrome/51.0.2704.106 Safari/537.36',
  'accept' => 'text/html,application/xhtml+xml,application/xml;q=0.9,image/webp,*/*;q=0.8',
  'accept-encoding' => 'gzip, deflate, sdch',
  'accept-language' => 'zh-CN,zh;q=0.8',
)
[ info ] [ PARAM ] array (
)
[ info ] [ RUN ] app\index\controller\Index->index[ G:\linbei\root\phpace\application\index\controller\Index.php ]
[ info ] [ SESSION ] INIT array (
  'id' => '',
  'var_session_id' => 'sss',
  'prefix' => 'think',
  'type' => '',
  'auto_start' => true,
)
[ info ] [ VIEW ] G:\linbei\root\phpace\public/../application/index\view\Login\login.html [ array (
) ]
[ info ] [ LOG ] INIT File

---------------------------------------------------------------
[ 2017-04-04T21:32:38+08:00 ] 127.0.0.1 127.0.0.1 GET /favicon.ico
[ log ] lnbei.com/favicon.ico [运行时间：0.176059s][吞吐率：5.68req/s] [内存消耗：1,258.38kb] [文件加载：33]
[ info ] [ LANG ] G:\linbei\root\phpace\thinkphp\lang\zh-cn.php
[ info ] [ ROUTE ] array (
  'type' => 'module',
  'module' => 
  array (
    0 => 'favicon.ico',
    1 => NULL,
    2 => NULL,
  ),
)
[ info ] [ HEADER ] array (
  'host' => 'lnbei.com',
  'connection' => 'keep-alive',
  'user-agent' => 'Mozilla/5.0 (Windows NT 10.0; WOW64) AppleWebKit/537.36 (KHTML, like Gecko) Chrome/51.0.2704.106 Safari/537.36',
  'accept' => '*/*',
  'referer' => 'http://lnbei.com/',
  'accept-encoding' => 'gzip, deflate, sdch',
  'accept-language' => 'zh-CN,zh;q=0.8',
  'cookie' => 'PHPSESSID=a748vl3lrbho4ag3vg9tpp9o9p',
)
[ info ] [ PARAM ] array (
)
[ info ] [ LOG ] INIT File

---------------------------------------------------------------
[ 2017-04-04T21:32:52+08:00 ] 127.0.0.1 127.0.0.1 POST /index/Login
[ log ] lnbei.com/index/Login [运行时间：0.251032s][吞吐率：3.98req/s] [内存消耗：2,605.61kb] [文件加载：47]
[ info ] [ LANG ] G:\linbei\root\phpace\thinkphp\lang\zh-cn.php
[ info ] [ ROUTE ] array (
  'type' => 'module',
  'module' => 
  array (
    0 => 'index',
    1 => 'Login',
    2 => NULL,
  ),
)
[ info ] [ HEADER ] array (
  'host' => 'lnbei.com',
  'connection' => 'keep-alive',
  'content-length' => '13',
  'accept' => 'application/json, text/javascript, */*; q=0.01',
  'origin' => 'http://lnbei.com',
  'x-requested-with' => 'XMLHttpRequest',
  'user-agent' => 'Mozilla/5.0 (Windows NT 10.0; WOW64) AppleWebKit/537.36 (KHTML, like Gecko) Chrome/51.0.2704.106 Safari/537.36',
  'content-type' => 'application/x-www-form-urlencoded; charset=UTF-8',
  'referer' => 'http://lnbei.com/',
  'accept-encoding' => 'gzip, deflate',
  'accept-language' => 'zh-CN,zh;q=0.8',
  'cookie' => 'PHPSESSID=a748vl3lrbho4ag3vg9tpp9o9p',
)
[ info ] [ PARAM ] array (
  'data' => 'chen-123',
)
[ info ] [ RUN ] app\index\controller\Login->index[ G:\linbei\root\phpace\application\index\controller\Login.php ]
[ info ] [ DB ] INIT mysql
[ info ] [ LOG ] INIT File
[ error ] [1049]SQLSTATE[HY000] [1049] Unknown database 'phpce'[G:\linbei\root\phpace\thinkphp\library\think\db\Connection.php:301]

---------------------------------------------------------------
[ 2017-04-04T21:32:53+08:00 ] 127.0.0.1 127.0.0.1 POST /index/Login
[ log ] lnbei.com/index/Login [运行时间：0.039361s][吞吐率：25.41req/s] [内存消耗：2,605.61kb] [文件加载：47]
[ info ] [ LANG ] G:\linbei\root\phpace\thinkphp\lang\zh-cn.php
[ info ] [ ROUTE ] array (
  'type' => 'module',
  'module' => 
  array (
    0 => 'index',
    1 => 'Login',
    2 => NULL,
  ),
)
[ info ] [ HEADER ] array (
  'host' => 'lnbei.com',
  'connection' => 'keep-alive',
  'content-length' => '13',
  'accept' => 'application/json, text/javascript, */*; q=0.01',
  'origin' => 'http://lnbei.com',
  'x-requested-with' => 'XMLHttpRequest',
  'user-agent' => 'Mozilla/5.0 (Windows NT 10.0; WOW64) AppleWebKit/537.36 (KHTML, like Gecko) Chrome/51.0.2704.106 Safari/537.36',
  'content-type' => 'application/x-www-form-urlencoded; charset=UTF-8',
  'referer' => 'http://lnbei.com/',
  'accept-encoding' => 'gzip, deflate',
  'accept-language' => 'zh-CN,zh;q=0.8',
  'cookie' => 'PHPSESSID=a748vl3lrbho4ag3vg9tpp9o9p',
)
[ info ] [ PARAM ] array (
  'data' => 'chen-123',
)
[ info ] [ RUN ] app\index\controller\Login->index[ G:\linbei\root\phpace\application\index\controller\Login.php ]
[ info ] [ DB ] INIT mysql
[ info ] [ LOG ] INIT File
[ error ] [1049]SQLSTATE[HY000] [1049] Unknown database 'phpce'[G:\linbei\root\phpace\thinkphp\library\think\db\Connection.php:301]

---------------------------------------------------------------
[ 2017-04-04T21:32:53+08:00 ] 127.0.0.1 127.0.0.1 POST /index/Login
[ log ] lnbei.com/index/Login [运行时间：0.045208s][吞吐率：22.12req/s] [内存消耗：2,605.61kb] [文件加载：47]
[ info ] [ LANG ] G:\linbei\root\phpace\thinkphp\lang\zh-cn.php
[ info ] [ ROUTE ] array (
  'type' => 'module',
  'module' => 
  array (
    0 => 'index',
    1 => 'Login',
    2 => NULL,
  ),
)
[ info ] [ HEADER ] array (
  'host' => 'lnbei.com',
  'connection' => 'keep-alive',
  'content-length' => '13',
  'accept' => 'application/json, text/javascript, */*; q=0.01',
  'origin' => 'http://lnbei.com',
  'x-requested-with' => 'XMLHttpRequest',
  'user-agent' => 'Mozilla/5.0 (Windows NT 10.0; WOW64) AppleWebKit/537.36 (KHTML, like Gecko) Chrome/51.0.2704.106 Safari/537.36',
  'content-type' => 'application/x-www-form-urlencoded; charset=UTF-8',
  'referer' => 'http://lnbei.com/',
  'accept-encoding' => 'gzip, deflate',
  'accept-language' => 'zh-CN,zh;q=0.8',
  'cookie' => 'PHPSESSID=a748vl3lrbho4ag3vg9tpp9o9p',
)
[ info ] [ PARAM ] array (
  'data' => 'chen-123',
)
[ info ] [ RUN ] app\index\controller\Login->index[ G:\linbei\root\phpace\application\index\controller\Login.php ]
[ info ] [ DB ] INIT mysql
[ info ] [ LOG ] INIT File
[ error ] [1049]SQLSTATE[HY000] [1049] Unknown database 'phpce'[G:\linbei\root\phpace\thinkphp\library\think\db\Connection.php:301]

---------------------------------------------------------------
[ 2017-04-04T21:32:53+08:00 ] 127.0.0.1 127.0.0.1 POST /index/Login
[ log ] lnbei.com/index/Login [运行时间：0.046879s][吞吐率：21.33req/s] [内存消耗：2,605.61kb] [文件加载：47]
[ info ] [ LANG ] G:\linbei\root\phpace\thinkphp\lang\zh-cn.php
[ info ] [ ROUTE ] array (
  'type' => 'module',
  'module' => 
  array (
    0 => 'index',
    1 => 'Login',
    2 => NULL,
  ),
)
[ info ] [ HEADER ] array (
  'host' => 'lnbei.com',
  'connection' => 'keep-alive',
  'content-length' => '13',
  'accept' => 'application/json, text/javascript, */*; q=0.01',
  'origin' => 'http://lnbei.com',
  'x-requested-with' => 'XMLHttpRequest',
  'user-agent' => 'Mozilla/5.0 (Windows NT 10.0; WOW64) AppleWebKit/537.36 (KHTML, like Gecko) Chrome/51.0.2704.106 Safari/537.36',
  'content-type' => 'application/x-www-form-urlencoded; charset=UTF-8',
  'referer' => 'http://lnbei.com/',
  'accept-encoding' => 'gzip, deflate',
  'accept-language' => 'zh-CN,zh;q=0.8',
  'cookie' => 'PHPSESSID=a748vl3lrbho4ag3vg9tpp9o9p',
)
[ info ] [ PARAM ] array (
  'data' => 'chen-123',
)
[ info ] [ RUN ] app\index\controller\Login->index[ G:\linbei\root\phpace\application\index\controller\Login.php ]
[ info ] [ DB ] INIT mysql
[ info ] [ LOG ] INIT File
[ error ] [1049]SQLSTATE[HY000] [1049] Unknown database 'phpce'[G:\linbei\root\phpace\thinkphp\library\think\db\Connection.php:301]

---------------------------------------------------------------
[ 2017-04-04T21:32:53+08:00 ] 127.0.0.1 127.0.0.1 POST /index/Login
[ log ] lnbei.com/index/Login [运行时间：0.042813s][吞吐率：23.36req/s] [内存消耗：2,605.61kb] [文件加载：47]
[ info ] [ LANG ] G:\linbei\root\phpace\thinkphp\lang\zh-cn.php
[ info ] [ ROUTE ] array (
  'type' => 'module',
  'module' => 
  array (
    0 => 'index',
    1 => 'Login',
    2 => NULL,
  ),
)
[ info ] [ HEADER ] array (
  'host' => 'lnbei.com',
  'connection' => 'keep-alive',
  'content-length' => '13',
  'accept' => 'application/json, text/javascript, */*; q=0.01',
  'origin' => 'http://lnbei.com',
  'x-requested-with' => 'XMLHttpRequest',
  'user-agent' => 'Mozilla/5.0 (Windows NT 10.0; WOW64) AppleWebKit/537.36 (KHTML, like Gecko) Chrome/51.0.2704.106 Safari/537.36',
  'content-type' => 'application/x-www-form-urlencoded; charset=UTF-8',
  'referer' => 'http://lnbei.com/',
  'accept-encoding' => 'gzip, deflate',
  'accept-language' => 'zh-CN,zh;q=0.8',
  'cookie' => 'PHPSESSID=a748vl3lrbho4ag3vg9tpp9o9p',
)
[ info ] [ PARAM ] array (
  'data' => 'chen-123',
)
[ info ] [ RUN ] app\index\controller\Login->index[ G:\linbei\root\phpace\application\index\controller\Login.php ]
[ info ] [ DB ] INIT mysql
[ info ] [ LOG ] INIT File
[ error ] [1049]SQLSTATE[HY000] [1049] Unknown database 'phpce'[G:\linbei\root\phpace\thinkphp\library\think\db\Connection.php:301]

---------------------------------------------------------------
[ 2017-04-04T21:32:54+08:00 ] 127.0.0.1 127.0.0.1 POST /index/Login
[ log ] lnbei.com/index/Login [运行时间：0.040125s][吞吐率：24.92req/s] [内存消耗：2,605.61kb] [文件加载：47]
[ info ] [ LANG ] G:\linbei\root\phpace\thinkphp\lang\zh-cn.php
[ info ] [ ROUTE ] array (
  'type' => 'module',
  'module' => 
  array (
    0 => 'index',
    1 => 'Login',
    2 => NULL,
  ),
)
[ info ] [ HEADER ] array (
  'host' => 'lnbei.com',
  'connection' => 'keep-alive',
  'content-length' => '13',
  'accept' => 'application/json, text/javascript, */*; q=0.01',
  'origin' => 'http://lnbei.com',
  'x-requested-with' => 'XMLHttpRequest',
  'user-agent' => 'Mozilla/5.0 (Windows NT 10.0; WOW64) AppleWebKit/537.36 (KHTML, like Gecko) Chrome/51.0.2704.106 Safari/537.36',
  'content-type' => 'application/x-www-form-urlencoded; charset=UTF-8',
  'referer' => 'http://lnbei.com/',
  'accept-encoding' => 'gzip, deflate',
  'accept-language' => 'zh-CN,zh;q=0.8',
  'cookie' => 'PHPSESSID=a748vl3lrbho4ag3vg9tpp9o9p',
)
[ info ] [ PARAM ] array (
  'data' => 'chen-123',
)
[ info ] [ RUN ] app\index\controller\Login->index[ G:\linbei\root\phpace\application\index\controller\Login.php ]
[ info ] [ DB ] INIT mysql
[ info ] [ LOG ] INIT File
[ error ] [1049]SQLSTATE[HY000] [1049] Unknown database 'phpce'[G:\linbei\root\phpace\thinkphp\library\think\db\Connection.php:301]

---------------------------------------------------------------
[ 2017-04-04T21:32:54+08:00 ] 127.0.0.1 127.0.0.1 POST /index/Login
[ log ] lnbei.com/index/Login [运行时间：0.047127s][吞吐率：21.22req/s] [内存消耗：2,605.61kb] [文件加载：47]
[ info ] [ LANG ] G:\linbei\root\phpace\thinkphp\lang\zh-cn.php
[ info ] [ ROUTE ] array (
  'type' => 'module',
  'module' => 
  array (
    0 => 'index',
    1 => 'Login',
    2 => NULL,
  ),
)
[ info ] [ HEADER ] array (
  'host' => 'lnbei.com',
  'connection' => 'keep-alive',
  'content-length' => '13',
  'accept' => 'application/json, text/javascript, */*; q=0.01',
  'origin' => 'http://lnbei.com',
  'x-requested-with' => 'XMLHttpRequest',
  'user-agent' => 'Mozilla/5.0 (Windows NT 10.0; WOW64) AppleWebKit/537.36 (KHTML, like Gecko) Chrome/51.0.2704.106 Safari/537.36',
  'content-type' => 'application/x-www-form-urlencoded; charset=UTF-8',
  'referer' => 'http://lnbei.com/',
  'accept-encoding' => 'gzip, deflate',
  'accept-language' => 'zh-CN,zh;q=0.8',
  'cookie' => 'PHPSESSID=a748vl3lrbho4ag3vg9tpp9o9p',
)
[ info ] [ PARAM ] array (
  'data' => 'chen-123',
)
[ info ] [ RUN ] app\index\controller\Login->index[ G:\linbei\root\phpace\application\index\controller\Login.php ]
[ info ] [ DB ] INIT mysql
[ info ] [ LOG ] INIT File
[ error ] [1049]SQLSTATE[HY000] [1049] Unknown database 'phpce'[G:\linbei\root\phpace\thinkphp\library\think\db\Connection.php:301]

---------------------------------------------------------------
[ 2017-04-04T21:32:54+08:00 ] 127.0.0.1 127.0.0.1 POST /index/Login
[ log ] lnbei.com/index/Login [运行时间：0.040825s][吞吐率：24.49req/s] [内存消耗：2,605.61kb] [文件加载：47]
[ info ] [ LANG ] G:\linbei\root\phpace\thinkphp\lang\zh-cn.php
[ info ] [ ROUTE ] array (
  'type' => 'module',
  'module' => 
  array (
    0 => 'index',
    1 => 'Login',
    2 => NULL,
  ),
)
[ info ] [ HEADER ] array (
  'host' => 'lnbei.com',
  'connection' => 'keep-alive',
  'content-length' => '13',
  'accept' => 'application/json, text/javascript, */*; q=0.01',
  'origin' => 'http://lnbei.com',
  'x-requested-with' => 'XMLHttpRequest',
  'user-agent' => 'Mozilla/5.0 (Windows NT 10.0; WOW64) AppleWebKit/537.36 (KHTML, like Gecko) Chrome/51.0.2704.106 Safari/537.36',
  'content-type' => 'application/x-www-form-urlencoded; charset=UTF-8',
  'referer' => 'http://lnbei.com/',
  'accept-encoding' => 'gzip, deflate',
  'accept-language' => 'zh-CN,zh;q=0.8',
  'cookie' => 'PHPSESSID=a748vl3lrbho4ag3vg9tpp9o9p',
)
[ info ] [ PARAM ] array (
  'data' => 'chen-123',
)
[ info ] [ RUN ] app\index\controller\Login->index[ G:\linbei\root\phpace\application\index\controller\Login.php ]
[ info ] [ DB ] INIT mysql
[ info ] [ LOG ] INIT File
[ error ] [1049]SQLSTATE[HY000] [1049] Unknown database 'phpce'[G:\linbei\root\phpace\thinkphp\library\think\db\Connection.php:301]

---------------------------------------------------------------
[ 2017-04-04T21:32:54+08:00 ] 127.0.0.1 127.0.0.1 POST /index/Login
[ log ] lnbei.com/index/Login [运行时间：0.046515s][吞吐率：21.50req/s] [内存消耗：2,605.61kb] [文件加载：47]
[ info ] [ LANG ] G:\linbei\root\phpace\thinkphp\lang\zh-cn.php
[ info ] [ ROUTE ] array (
  'type' => 'module',
  'module' => 
  array (
    0 => 'index',
    1 => 'Login',
    2 => NULL,
  ),
)
[ info ] [ HEADER ] array (
  'host' => 'lnbei.com',
  'connection' => 'keep-alive',
  'content-length' => '13',
  'accept' => 'application/json, text/javascript, */*; q=0.01',
  'origin' => 'http://lnbei.com',
  'x-requested-with' => 'XMLHttpRequest',
  'user-agent' => 'Mozilla/5.0 (Windows NT 10.0; WOW64) AppleWebKit/537.36 (KHTML, like Gecko) Chrome/51.0.2704.106 Safari/537.36',
  'content-type' => 'application/x-www-form-urlencoded; charset=UTF-8',
  'referer' => 'http://lnbei.com/',
  'accept-encoding' => 'gzip, deflate',
  'accept-language' => 'zh-CN,zh;q=0.8',
  'cookie' => 'PHPSESSID=a748vl3lrbho4ag3vg9tpp9o9p',
)
[ info ] [ PARAM ] array (
  'data' => 'chen-123',
)
[ info ] [ RUN ] app\index\controller\Login->index[ G:\linbei\root\phpace\application\index\controller\Login.php ]
[ info ] [ DB ] INIT mysql
[ info ] [ LOG ] INIT File
[ error ] [1049]SQLSTATE[HY000] [1049] Unknown database 'phpce'[G:\linbei\root\phpace\thinkphp\library\think\db\Connection.php:301]

---------------------------------------------------------------
[ 2017-04-04T21:32:54+08:00 ] 127.0.0.1 127.0.0.1 POST /index/Login
[ log ] lnbei.com/index/Login [运行时间：0.045094s][吞吐率：22.18req/s] [内存消耗：2,605.61kb] [文件加载：47]
[ info ] [ LANG ] G:\linbei\root\phpace\thinkphp\lang\zh-cn.php
[ info ] [ ROUTE ] array (
  'type' => 'module',
  'module' => 
  array (
    0 => 'index',
    1 => 'Login',
    2 => NULL,
  ),
)
[ info ] [ HEADER ] array (
  'host' => 'lnbei.com',
  'connection' => 'keep-alive',
  'content-length' => '13',
  'accept' => 'application/json, text/javascript, */*; q=0.01',
  'origin' => 'http://lnbei.com',
  'x-requested-with' => 'XMLHttpRequest',
  'user-agent' => 'Mozilla/5.0 (Windows NT 10.0; WOW64) AppleWebKit/537.36 (KHTML, like Gecko) Chrome/51.0.2704.106 Safari/537.36',
  'content-type' => 'application/x-www-form-urlencoded; charset=UTF-8',
  'referer' => 'http://lnbei.com/',
  'accept-encoding' => 'gzip, deflate',
  'accept-language' => 'zh-CN,zh;q=0.8',
  'cookie' => 'PHPSESSID=a748vl3lrbho4ag3vg9tpp9o9p',
)
[ info ] [ PARAM ] array (
  'data' => 'chen-123',
)
[ info ] [ RUN ] app\index\controller\Login->index[ G:\linbei\root\phpace\application\index\controller\Login.php ]
[ info ] [ DB ] INIT mysql
[ info ] [ LOG ] INIT File
[ error ] [1049]SQLSTATE[HY000] [1049] Unknown database 'phpce'[G:\linbei\root\phpace\thinkphp\library\think\db\Connection.php:301]

---------------------------------------------------------------
[ 2017-04-04T21:34:53+08:00 ] 127.0.0.1 127.0.0.1 POST /index/Login
[ log ] lnbei.com/index/Login [运行时间：0.049856s][吞吐率：20.06req/s] [内存消耗：2,605.61kb] [文件加载：47]
[ info ] [ LANG ] G:\linbei\root\phpace\thinkphp\lang\zh-cn.php
[ info ] [ ROUTE ] array (
  'type' => 'module',
  'module' => 
  array (
    0 => 'index',
    1 => 'Login',
    2 => NULL,
  ),
)
[ info ] [ HEADER ] array (
  'host' => 'lnbei.com',
  'connection' => 'keep-alive',
  'content-length' => '13',
  'accept' => 'application/json, text/javascript, */*; q=0.01',
  'origin' => 'http://lnbei.com',
  'x-requested-with' => 'XMLHttpRequest',
  'user-agent' => 'Mozilla/5.0 (Windows NT 10.0; WOW64) AppleWebKit/537.36 (KHTML, like Gecko) Chrome/51.0.2704.106 Safari/537.36',
  'content-type' => 'application/x-www-form-urlencoded; charset=UTF-8',
  'referer' => 'http://lnbei.com/',
  'accept-encoding' => 'gzip, deflate',
  'accept-language' => 'zh-CN,zh;q=0.8',
  'cookie' => 'PHPSESSID=a748vl3lrbho4ag3vg9tpp9o9p',
)
[ info ] [ PARAM ] array (
  'data' => 'chen-123',
)
[ info ] [ RUN ] app\index\controller\Login->index[ G:\linbei\root\phpace\application\index\controller\Login.php ]
[ info ] [ DB ] INIT mysql
[ info ] [ LOG ] INIT File
[ error ] [1049]SQLSTATE[HY000] [1049] Unknown database 'phpce'[G:\linbei\root\phpace\thinkphp\library\think\db\Connection.php:301]

---------------------------------------------------------------
[ 2017-04-04T21:34:55+08:00 ] 127.0.0.1 127.0.0.1 POST /index/Login
[ log ] lnbei.com/index/Login [运行时间：0.038521s][吞吐率：25.96req/s] [内存消耗：2,605.61kb] [文件加载：47]
[ info ] [ LANG ] G:\linbei\root\phpace\thinkphp\lang\zh-cn.php
[ info ] [ ROUTE ] array (
  'type' => 'module',
  'module' => 
  array (
    0 => 'index',
    1 => 'Login',
    2 => NULL,
  ),
)
[ info ] [ HEADER ] array (
  'host' => 'lnbei.com',
  'connection' => 'keep-alive',
  'content-length' => '13',
  'accept' => 'application/json, text/javascript, */*; q=0.01',
  'origin' => 'http://lnbei.com',
  'x-requested-with' => 'XMLHttpRequest',
  'user-agent' => 'Mozilla/5.0 (Windows NT 10.0; WOW64) AppleWebKit/537.36 (KHTML, like Gecko) Chrome/51.0.2704.106 Safari/537.36',
  'content-type' => 'application/x-www-form-urlencoded; charset=UTF-8',
  'referer' => 'http://lnbei.com/',
  'accept-encoding' => 'gzip, deflate',
  'accept-language' => 'zh-CN,zh;q=0.8',
  'cookie' => 'PHPSESSID=a748vl3lrbho4ag3vg9tpp9o9p',
)
[ info ] [ PARAM ] array (
  'data' => 'chen-123',
)
[ info ] [ RUN ] app\index\controller\Login->index[ G:\linbei\root\phpace\application\index\controller\Login.php ]
[ info ] [ DB ] INIT mysql
[ info ] [ LOG ] INIT File
[ error ] [1049]SQLSTATE[HY000] [1049] Unknown database 'phpce'[G:\linbei\root\phpace\thinkphp\library\think\db\Connection.php:301]

---------------------------------------------------------------
[ 2017-04-04T21:34:55+08:00 ] 127.0.0.1 127.0.0.1 POST /index/Login
[ log ] lnbei.com/index/Login [运行时间：0.040927s][吞吐率：24.43req/s] [内存消耗：2,605.61kb] [文件加载：47]
[ info ] [ LANG ] G:\linbei\root\phpace\thinkphp\lang\zh-cn.php
[ info ] [ ROUTE ] array (
  'type' => 'module',
  'module' => 
  array (
    0 => 'index',
    1 => 'Login',
    2 => NULL,
  ),
)
[ info ] [ HEADER ] array (
  'host' => 'lnbei.com',
  'connection' => 'keep-alive',
  'content-length' => '13',
  'accept' => 'application/json, text/javascript, */*; q=0.01',
  'origin' => 'http://lnbei.com',
  'x-requested-with' => 'XMLHttpRequest',
  'user-agent' => 'Mozilla/5.0 (Windows NT 10.0; WOW64) AppleWebKit/537.36 (KHTML, like Gecko) Chrome/51.0.2704.106 Safari/537.36',
  'content-type' => 'application/x-www-form-urlencoded; charset=UTF-8',
  'referer' => 'http://lnbei.com/',
  'accept-encoding' => 'gzip, deflate',
  'accept-language' => 'zh-CN,zh;q=0.8',
  'cookie' => 'PHPSESSID=a748vl3lrbho4ag3vg9tpp9o9p',
)
[ info ] [ PARAM ] array (
  'data' => 'chen-123',
)
[ info ] [ RUN ] app\index\controller\Login->index[ G:\linbei\root\phpace\application\index\controller\Login.php ]
[ info ] [ DB ] INIT mysql
[ info ] [ LOG ] INIT File
[ error ] [1049]SQLSTATE[HY000] [1049] Unknown database 'phpce'[G:\linbei\root\phpace\thinkphp\library\think\db\Connection.php:301]

---------------------------------------------------------------
[ 2017-04-04T21:34:55+08:00 ] 127.0.0.1 127.0.0.1 POST /index/Login
[ log ] lnbei.com/index/Login [运行时间：0.050091s][吞吐率：19.96req/s] [内存消耗：2,605.61kb] [文件加载：47]
[ info ] [ LANG ] G:\linbei\root\phpace\thinkphp\lang\zh-cn.php
[ info ] [ ROUTE ] array (
  'type' => 'module',
  'module' => 
  array (
    0 => 'index',
    1 => 'Login',
    2 => NULL,
  ),
)
[ info ] [ HEADER ] array (
  'host' => 'lnbei.com',
  'connection' => 'keep-alive',
  'content-length' => '13',
  'accept' => 'application/json, text/javascript, */*; q=0.01',
  'origin' => 'http://lnbei.com',
  'x-requested-with' => 'XMLHttpRequest',
  'user-agent' => 'Mozilla/5.0 (Windows NT 10.0; WOW64) AppleWebKit/537.36 (KHTML, like Gecko) Chrome/51.0.2704.106 Safari/537.36',
  'content-type' => 'application/x-www-form-urlencoded; charset=UTF-8',
  'referer' => 'http://lnbei.com/',
  'accept-encoding' => 'gzip, deflate',
  'accept-language' => 'zh-CN,zh;q=0.8',
  'cookie' => 'PHPSESSID=a748vl3lrbho4ag3vg9tpp9o9p',
)
[ info ] [ PARAM ] array (
  'data' => 'chen-123',
)
[ info ] [ RUN ] app\index\controller\Login->index[ G:\linbei\root\phpace\application\index\controller\Login.php ]
[ info ] [ DB ] INIT mysql
[ info ] [ LOG ] INIT File
[ error ] [1049]SQLSTATE[HY000] [1049] Unknown database 'phpce'[G:\linbei\root\phpace\thinkphp\library\think\db\Connection.php:301]

---------------------------------------------------------------
[ 2017-04-04T21:34:57+08:00 ] 127.0.0.1 127.0.0.1 GET /
[ log ] lnbei.com/ [运行时间：0.029304s][吞吐率：34.13req/s] [内存消耗：1,512.78kb] [文件加载：38]
[ info ] [ LANG ] G:\linbei\root\phpace\thinkphp\lang\zh-cn.php
[ info ] [ ROUTE ] array (
  'type' => 'module',
  'module' => 
  array (
    0 => '',
    1 => NULL,
    2 => NULL,
  ),
)
[ info ] [ HEADER ] array (
  'host' => 'lnbei.com',
  'connection' => 'keep-alive',
  'cache-control' => 'max-age=0',
  'upgrade-insecure-requests' => '1',
  'user-agent' => 'Mozilla/5.0 (Windows NT 10.0; WOW64) AppleWebKit/537.36 (KHTML, like Gecko) Chrome/51.0.2704.106 Safari/537.36',
  'accept' => 'text/html,application/xhtml+xml,application/xml;q=0.9,image/webp,*/*;q=0.8',
  'accept-encoding' => 'gzip, deflate, sdch',
  'accept-language' => 'zh-CN,zh;q=0.8',
  'cookie' => 'PHPSESSID=a748vl3lrbho4ag3vg9tpp9o9p',
)
[ info ] [ PARAM ] array (
)
[ info ] [ RUN ] app\index\controller\Index->index[ G:\linbei\root\phpace\application\index\controller\Index.php ]
[ info ] [ SESSION ] INIT array (
  'id' => '',
  'var_session_id' => 'sss',
  'prefix' => 'think',
  'type' => '',
  'auto_start' => true,
)
[ info ] [ VIEW ] G:\linbei\root\phpace\public/../application/index\view\Login\login.html [ array (
) ]
[ info ] [ LOG ] INIT File

---------------------------------------------------------------
[ 2017-04-04T21:35:06+08:00 ] 127.0.0.1 127.0.0.1 POST /index/Login
[ log ] lnbei.com/index/Login [运行时间：0.047248s][吞吐率：21.16req/s] [内存消耗：2,605.61kb] [文件加载：47]
[ info ] [ LANG ] G:\linbei\root\phpace\thinkphp\lang\zh-cn.php
[ info ] [ ROUTE ] array (
  'type' => 'module',
  'module' => 
  array (
    0 => 'index',
    1 => 'Login',
    2 => NULL,
  ),
)
[ info ] [ HEADER ] array (
  'host' => 'lnbei.com',
  'connection' => 'keep-alive',
  'content-length' => '13',
  'accept' => 'application/json, text/javascript, */*; q=0.01',
  'origin' => 'http://lnbei.com',
  'x-requested-with' => 'XMLHttpRequest',
  'user-agent' => 'Mozilla/5.0 (Windows NT 10.0; WOW64) AppleWebKit/537.36 (KHTML, like Gecko) Chrome/51.0.2704.106 Safari/537.36',
  'content-type' => 'application/x-www-form-urlencoded; charset=UTF-8',
  'referer' => 'http://lnbei.com/',
  'accept-encoding' => 'gzip, deflate',
  'accept-language' => 'zh-CN,zh;q=0.8',
  'cookie' => 'PHPSESSID=a748vl3lrbho4ag3vg9tpp9o9p',
)
[ info ] [ PARAM ] array (
  'data' => 'chen-123',
)
[ info ] [ RUN ] app\index\controller\Login->index[ G:\linbei\root\phpace\application\index\controller\Login.php ]
[ info ] [ DB ] INIT mysql
[ info ] [ LOG ] INIT File
[ error ] [1049]SQLSTATE[HY000] [1049] Unknown database 'phpce'[G:\linbei\root\phpace\thinkphp\library\think\db\Connection.php:301]

---------------------------------------------------------------
[ 2017-04-04T21:35:07+08:00 ] 127.0.0.1 127.0.0.1 POST /index/Login
[ log ] lnbei.com/index/Login [运行时间：0.044209s][吞吐率：22.62req/s] [内存消耗：2,605.61kb] [文件加载：47]
[ info ] [ LANG ] G:\linbei\root\phpace\thinkphp\lang\zh-cn.php
[ info ] [ ROUTE ] array (
  'type' => 'module',
  'module' => 
  array (
    0 => 'index',
    1 => 'Login',
    2 => NULL,
  ),
)
[ info ] [ HEADER ] array (
  'host' => 'lnbei.com',
  'connection' => 'keep-alive',
  'content-length' => '13',
  'accept' => 'application/json, text/javascript, */*; q=0.01',
  'origin' => 'http://lnbei.com',
  'x-requested-with' => 'XMLHttpRequest',
  'user-agent' => 'Mozilla/5.0 (Windows NT 10.0; WOW64) AppleWebKit/537.36 (KHTML, like Gecko) Chrome/51.0.2704.106 Safari/537.36',
  'content-type' => 'application/x-www-form-urlencoded; charset=UTF-8',
  'referer' => 'http://lnbei.com/',
  'accept-encoding' => 'gzip, deflate',
  'accept-language' => 'zh-CN,zh;q=0.8',
  'cookie' => 'PHPSESSID=a748vl3lrbho4ag3vg9tpp9o9p',
)
[ info ] [ PARAM ] array (
  'data' => 'chen-123',
)
[ info ] [ RUN ] app\index\controller\Login->index[ G:\linbei\root\phpace\application\index\controller\Login.php ]
[ info ] [ DB ] INIT mysql
[ info ] [ LOG ] INIT File
[ error ] [1049]SQLSTATE[HY000] [1049] Unknown database 'phpce'[G:\linbei\root\phpace\thinkphp\library\think\db\Connection.php:301]

---------------------------------------------------------------
[ 2017-04-04T21:35:07+08:00 ] 127.0.0.1 127.0.0.1 POST /index/Login
[ log ] lnbei.com/index/Login [运行时间：0.039980s][吞吐率：25.01req/s] [内存消耗：2,605.61kb] [文件加载：47]
[ info ] [ LANG ] G:\linbei\root\phpace\thinkphp\lang\zh-cn.php
[ info ] [ ROUTE ] array (
  'type' => 'module',
  'module' => 
  array (
    0 => 'index',
    1 => 'Login',
    2 => NULL,
  ),
)
[ info ] [ HEADER ] array (
  'host' => 'lnbei.com',
  'connection' => 'keep-alive',
  'content-length' => '13',
  'accept' => 'application/json, text/javascript, */*; q=0.01',
  'origin' => 'http://lnbei.com',
  'x-requested-with' => 'XMLHttpRequest',
  'user-agent' => 'Mozilla/5.0 (Windows NT 10.0; WOW64) AppleWebKit/537.36 (KHTML, like Gecko) Chrome/51.0.2704.106 Safari/537.36',
  'content-type' => 'application/x-www-form-urlencoded; charset=UTF-8',
  'referer' => 'http://lnbei.com/',
  'accept-encoding' => 'gzip, deflate',
  'accept-language' => 'zh-CN,zh;q=0.8',
  'cookie' => 'PHPSESSID=a748vl3lrbho4ag3vg9tpp9o9p',
)
[ info ] [ PARAM ] array (
  'data' => 'chen-123',
)
[ info ] [ RUN ] app\index\controller\Login->index[ G:\linbei\root\phpace\application\index\controller\Login.php ]
[ info ] [ DB ] INIT mysql
[ info ] [ LOG ] INIT File
[ error ] [1049]SQLSTATE[HY000] [1049] Unknown database 'phpce'[G:\linbei\root\phpace\thinkphp\library\think\db\Connection.php:301]

---------------------------------------------------------------
[ 2017-04-04T21:35:07+08:00 ] 127.0.0.1 127.0.0.1 POST /index/Login
[ log ] lnbei.com/index/Login [运行时间：0.041381s][吞吐率：24.17req/s] [内存消耗：2,605.61kb] [文件加载：47]
[ info ] [ LANG ] G:\linbei\root\phpace\thinkphp\lang\zh-cn.php
[ info ] [ ROUTE ] array (
  'type' => 'module',
  'module' => 
  array (
    0 => 'index',
    1 => 'Login',
    2 => NULL,
  ),
)
[ info ] [ HEADER ] array (
  'host' => 'lnbei.com',
  'connection' => 'keep-alive',
  'content-length' => '13',
  'accept' => 'application/json, text/javascript, */*; q=0.01',
  'origin' => 'http://lnbei.com',
  'x-requested-with' => 'XMLHttpRequest',
  'user-agent' => 'Mozilla/5.0 (Windows NT 10.0; WOW64) AppleWebKit/537.36 (KHTML, like Gecko) Chrome/51.0.2704.106 Safari/537.36',
  'content-type' => 'application/x-www-form-urlencoded; charset=UTF-8',
  'referer' => 'http://lnbei.com/',
  'accept-encoding' => 'gzip, deflate',
  'accept-language' => 'zh-CN,zh;q=0.8',
  'cookie' => 'PHPSESSID=a748vl3lrbho4ag3vg9tpp9o9p',
)
[ info ] [ PARAM ] array (
  'data' => 'chen-123',
)
[ info ] [ RUN ] app\index\controller\Login->index[ G:\linbei\root\phpace\application\index\controller\Login.php ]
[ info ] [ DB ] INIT mysql
[ info ] [ LOG ] INIT File
[ error ] [1049]SQLSTATE[HY000] [1049] Unknown database 'phpce'[G:\linbei\root\phpace\thinkphp\library\think\db\Connection.php:301]

---------------------------------------------------------------
[ 2017-04-04T21:35:07+08:00 ] 127.0.0.1 127.0.0.1 POST /index/Login
[ log ] lnbei.com/index/Login [运行时间：0.044787s][吞吐率：22.33req/s] [内存消耗：2,605.61kb] [文件加载：47]
[ info ] [ LANG ] G:\linbei\root\phpace\thinkphp\lang\zh-cn.php
[ info ] [ ROUTE ] array (
  'type' => 'module',
  'module' => 
  array (
    0 => 'index',
    1 => 'Login',
    2 => NULL,
  ),
)
[ info ] [ HEADER ] array (
  'host' => 'lnbei.com',
  'connection' => 'keep-alive',
  'content-length' => '13',
  'accept' => 'application/json, text/javascript, */*; q=0.01',
  'origin' => 'http://lnbei.com',
  'x-requested-with' => 'XMLHttpRequest',
  'user-agent' => 'Mozilla/5.0 (Windows NT 10.0; WOW64) AppleWebKit/537.36 (KHTML, like Gecko) Chrome/51.0.2704.106 Safari/537.36',
  'content-type' => 'application/x-www-form-urlencoded; charset=UTF-8',
  'referer' => 'http://lnbei.com/',
  'accept-encoding' => 'gzip, deflate',
  'accept-language' => 'zh-CN,zh;q=0.8',
  'cookie' => 'PHPSESSID=a748vl3lrbho4ag3vg9tpp9o9p',
)
[ info ] [ PARAM ] array (
  'data' => 'chen-123',
)
[ info ] [ RUN ] app\index\controller\Login->index[ G:\linbei\root\phpace\application\index\controller\Login.php ]
[ info ] [ DB ] INIT mysql
[ info ] [ LOG ] INIT File
[ error ] [1049]SQLSTATE[HY000] [1049] Unknown database 'phpce'[G:\linbei\root\phpace\thinkphp\library\think\db\Connection.php:301]

---------------------------------------------------------------
[ 2017-04-04T21:35:38+08:00 ] 127.0.0.1 127.0.0.1 GET /index/Login
[ log ] lnbei.com/index/Login [运行时间：0.130038s][吞吐率：7.69req/s] [内存消耗：1,558.31kb] [文件加载：41]
[ info ] [ LANG ] G:\linbei\root\phpace\thinkphp\lang\zh-cn.php
[ info ] [ ROUTE ] array (
  'type' => 'module',
  'module' => 
  array (
    0 => 'index',
    1 => 'Login',
    2 => NULL,
  ),
)
[ info ] [ HEADER ] array (
  'host' => 'lnbei.com',
  'connection' => 'keep-alive',
  'upgrade-insecure-requests' => '1',
  'user-agent' => 'Mozilla/5.0 (Windows NT 10.0; WOW64) AppleWebKit/537.36 (KHTML, like Gecko) Chrome/51.0.2704.106 Safari/537.36',
  'accept' => 'text/html,application/xhtml+xml,application/xml;q=0.9,image/webp,*/*;q=0.8',
  'accept-encoding' => 'gzip, deflate, sdch',
  'accept-language' => 'zh-CN,zh;q=0.8',
  'cookie' => 'PHPSESSID=a748vl3lrbho4ag3vg9tpp9o9p',
)
[ info ] [ PARAM ] array (
)
[ info ] [ RUN ] app\index\controller\Login->index[ G:\linbei\root\phpace\application\index\controller\Login.php ]
[ info ] [ LOG ] INIT File
[ error ] [8]未定义数组索引: data[G:\linbei\root\phpace\application\index\controller\Login.php:38]

---------------------------------------------------------------
[ 2017-04-04T21:41:41+08:00 ] 127.0.0.1 127.0.0.1 POST /index/Login
[ log ] lnbei.com/index/Login [运行时间：0.046172s][吞吐率：21.66req/s] [内存消耗：2,605.76kb] [文件加载：47]
[ info ] [ LANG ] G:\linbei\root\phpace\thinkphp\lang\zh-cn.php
[ info ] [ ROUTE ] array (
  'type' => 'module',
  'module' => 
  array (
    0 => 'index',
    1 => 'Login',
    2 => NULL,
  ),
)
[ info ] [ HEADER ] array (
  'host' => 'lnbei.com',
  'connection' => 'keep-alive',
  'content-length' => '13',
  'pragma' => 'no-cache',
  'cache-control' => 'no-cache',
  'accept' => 'application/json, text/javascript, */*; q=0.01',
  'origin' => 'http://lnbei.com',
  'x-requested-with' => 'XMLHttpRequest',
  'user-agent' => 'Mozilla/5.0 (Windows NT 10.0; WOW64) AppleWebKit/537.36 (KHTML, like Gecko) Chrome/51.0.2704.106 Safari/537.36',
  'content-type' => 'application/x-www-form-urlencoded; charset=UTF-8',
  'referer' => 'http://lnbei.com/',
  'accept-encoding' => 'gzip, deflate',
  'accept-language' => 'zh-CN,zh;q=0.8',
  'cookie' => 'PHPSESSID=a748vl3lrbho4ag3vg9tpp9o9p',
)
[ info ] [ PARAM ] array (
  'data' => 'chen-123',
)
[ info ] [ RUN ] app\index\controller\Login->index[ G:\linbei\root\phpace\application\index\controller\Login.php ]
[ info ] [ DB ] INIT mysql
[ info ] [ LOG ] INIT File
[ error ] [1049]SQLSTATE[HY000] [1049] Unknown database 'phpce'[G:\linbei\root\phpace\thinkphp\library\think\db\Connection.php:301]

---------------------------------------------------------------
[ 2017-04-04T21:41:43+08:00 ] 127.0.0.1 127.0.0.1 POST /index/Login
[ log ] lnbei.com/index/Login [运行时间：0.042347s][吞吐率：23.61req/s] [内存消耗：2,605.76kb] [文件加载：47]
[ info ] [ LANG ] G:\linbei\root\phpace\thinkphp\lang\zh-cn.php
[ info ] [ ROUTE ] array (
  'type' => 'module',
  'module' => 
  array (
    0 => 'index',
    1 => 'Login',
    2 => NULL,
  ),
)
[ info ] [ HEADER ] array (
  'host' => 'lnbei.com',
  'connection' => 'keep-alive',
  'content-length' => '13',
  'pragma' => 'no-cache',
  'cache-control' => 'no-cache',
  'accept' => 'application/json, text/javascript, */*; q=0.01',
  'origin' => 'http://lnbei.com',
  'x-requested-with' => 'XMLHttpRequest',
  'user-agent' => 'Mozilla/5.0 (Windows NT 10.0; WOW64) AppleWebKit/537.36 (KHTML, like Gecko) Chrome/51.0.2704.106 Safari/537.36',
  'content-type' => 'application/x-www-form-urlencoded; charset=UTF-8',
  'referer' => 'http://lnbei.com/',
  'accept-encoding' => 'gzip, deflate',
  'accept-language' => 'zh-CN,zh;q=0.8',
  'cookie' => 'PHPSESSID=a748vl3lrbho4ag3vg9tpp9o9p',
)
[ info ] [ PARAM ] array (
  'data' => 'chen-123',
)
[ info ] [ RUN ] app\index\controller\Login->index[ G:\linbei\root\phpace\application\index\controller\Login.php ]
[ info ] [ DB ] INIT mysql
[ info ] [ LOG ] INIT File
[ error ] [1049]SQLSTATE[HY000] [1049] Unknown database 'phpce'[G:\linbei\root\phpace\thinkphp\library\think\db\Connection.php:301]

---------------------------------------------------------------
[ 2017-04-04T21:41:44+08:00 ] 127.0.0.1 127.0.0.1 POST /index/Login
[ log ] lnbei.com/index/Login [运行时间：0.040474s][吞吐率：24.71req/s] [内存消耗：2,605.76kb] [文件加载：47]
[ info ] [ LANG ] G:\linbei\root\phpace\thinkphp\lang\zh-cn.php
[ info ] [ ROUTE ] array (
  'type' => 'module',
  'module' => 
  array (
    0 => 'index',
    1 => 'Login',
    2 => NULL,
  ),
)
[ info ] [ HEADER ] array (
  'host' => 'lnbei.com',
  'connection' => 'keep-alive',
  'content-length' => '13',
  'pragma' => 'no-cache',
  'cache-control' => 'no-cache',
  'accept' => 'application/json, text/javascript, */*; q=0.01',
  'origin' => 'http://lnbei.com',
  'x-requested-with' => 'XMLHttpRequest',
  'user-agent' => 'Mozilla/5.0 (Windows NT 10.0; WOW64) AppleWebKit/537.36 (KHTML, like Gecko) Chrome/51.0.2704.106 Safari/537.36',
  'content-type' => 'application/x-www-form-urlencoded; charset=UTF-8',
  'referer' => 'http://lnbei.com/',
  'accept-encoding' => 'gzip, deflate',
  'accept-language' => 'zh-CN,zh;q=0.8',
  'cookie' => 'PHPSESSID=a748vl3lrbho4ag3vg9tpp9o9p',
)
[ info ] [ PARAM ] array (
  'data' => 'chen-123',
)
[ info ] [ RUN ] app\index\controller\Login->index[ G:\linbei\root\phpace\application\index\controller\Login.php ]
[ info ] [ DB ] INIT mysql
[ info ] [ LOG ] INIT File
[ error ] [1049]SQLSTATE[HY000] [1049] Unknown database 'phpce'[G:\linbei\root\phpace\thinkphp\library\think\db\Connection.php:301]

---------------------------------------------------------------
[ 2017-04-04T21:41:44+08:00 ] 127.0.0.1 127.0.0.1 POST /index/Login
[ log ] lnbei.com/index/Login [运行时间：0.043052s][吞吐率：23.23req/s] [内存消耗：2,605.76kb] [文件加载：47]
[ info ] [ LANG ] G:\linbei\root\phpace\thinkphp\lang\zh-cn.php
[ info ] [ ROUTE ] array (
  'type' => 'module',
  'module' => 
  array (
    0 => 'index',
    1 => 'Login',
    2 => NULL,
  ),
)
[ info ] [ HEADER ] array (
  'host' => 'lnbei.com',
  'connection' => 'keep-alive',
  'content-length' => '13',
  'pragma' => 'no-cache',
  'cache-control' => 'no-cache',
  'accept' => 'application/json, text/javascript, */*; q=0.01',
  'origin' => 'http://lnbei.com',
  'x-requested-with' => 'XMLHttpRequest',
  'user-agent' => 'Mozilla/5.0 (Windows NT 10.0; WOW64) AppleWebKit/537.36 (KHTML, like Gecko) Chrome/51.0.2704.106 Safari/537.36',
  'content-type' => 'application/x-www-form-urlencoded; charset=UTF-8',
  'referer' => 'http://lnbei.com/',
  'accept-encoding' => 'gzip, deflate',
  'accept-language' => 'zh-CN,zh;q=0.8',
  'cookie' => 'PHPSESSID=a748vl3lrbho4ag3vg9tpp9o9p',
)
[ info ] [ PARAM ] array (
  'data' => 'chen-123',
)
[ info ] [ RUN ] app\index\controller\Login->index[ G:\linbei\root\phpace\application\index\controller\Login.php ]
[ info ] [ DB ] INIT mysql
[ info ] [ LOG ] INIT File
[ error ] [1049]SQLSTATE[HY000] [1049] Unknown database 'phpce'[G:\linbei\root\phpace\thinkphp\library\think\db\Connection.php:301]

---------------------------------------------------------------
