[ 2017-03-24T11:52:00+08:00 ] 127.0.0.1 127.0.0.1 GET /phpace/public/
[ log ] lnbei.com/phpace/public/ [运行时间：0.093005s][吞吐率：10.75req/s] [内存消耗：2,112.15kb] [文件加载：40]
[ info ] [ LANG ] E:\f\phpace\thinkphp\lang\zh-cn.php
[ info ] [ ROUTE ] array (
  'type' => 'module',
  'module' => 
  array (
    0 => '',
    1 => NULL,
    2 => NULL,
  ),
)
[ info ] [ HEADER ] array (
  'host' => 'lnbei.com',
  'connection' => 'keep-alive',
  'upgrade-insecure-requests' => '1',
  'user-agent' => 'Mozilla/5.0 (Windows NT 6.1; WOW64) AppleWebKit/537.36 (KHTML, like Gecko) Chrome/56.0.2924.87 Safari/537.36',
  'accept' => 'text/html,application/xhtml+xml,application/xml;q=0.9,image/webp,*/*;q=0.8',
  'accept-encoding' => 'gzip, deflate, sdch',
  'accept-language' => 'zh-CN,zh;q=0.8',
)
[ info ] [ PARAM ] array (
)
[ info ] [ RUN ] app\index\controller\Index->index[ E:\f\phpace\application\index\controller\Index.php ]
[ info ] [ SESSION ] INIT array (
  'id' => '',
  'var_session_id' => 'sss',
  'prefix' => 'think',
  'type' => '',
  'auto_start' => true,
)
[ info ] [ VIEW ] E:\f\phpace\public/../application/index\view\Login\login.html [ array (
) ]
[ info ] [ LOG ] INIT File

---------------------------------------------------------------
[ 2017-03-24T11:52:08+08:00 ] 127.0.0.1 127.0.0.1 POST /phpace/public/index/Login
[ log ] lnbei.com/phpace/public/index/Login [运行时间：0.100006s][吞吐率：10.00req/s] [内存消耗：3,229.20kb] [文件加载：46]
[ info ] [ LANG ] E:\f\phpace\thinkphp\lang\zh-cn.php
[ info ] [ ROUTE ] array (
  'type' => 'module',
  'module' => 
  array (
    0 => 'index',
    1 => 'Login',
    2 => NULL,
  ),
)
[ info ] [ HEADER ] array (
  'host' => 'lnbei.com',
  'connection' => 'keep-alive',
  'accept' => 'application/json, text/javascript, */*; q=0.01',
  'origin' => 'http://lnbei.com',
  'x-requested-with' => 'XMLHttpRequest',
  'user-agent' => 'Mozilla/5.0 (Windows NT 6.1; WOW64) AppleWebKit/537.36 (KHTML, like Gecko) Chrome/56.0.2924.87 Safari/537.36',
  'content-type' => 'application/x-www-form-urlencoded; charset=UTF-8',
  'referer' => 'http://lnbei.com/phpace/public/',
  'accept-encoding' => 'gzip, deflate',
  'accept-language' => 'zh-CN,zh;q=0.8',
  'cookie' => 'PHPSESSID=06iftg2ulae87khgejfp82dk64',
  'content-length' => '13',
)
[ info ] [ PARAM ] array (
  'data' => 'chen-123',
)
[ info ] [ RUN ] app\index\controller\Login->index[ E:\f\phpace\application\index\controller\Login.php ]
[ info ] [ DB ] INIT mysql
[ info ] [ SESSION ] INIT array (
  'id' => '',
  'var_session_id' => 'sss',
  'prefix' => 'think',
  'type' => '',
  'auto_start' => true,
)
[ info ] [ LOG ] INIT File
[ sql ] [ DB ] CONNECT:[ UseTime:0.010001s ] mysql:dbname=phpce;host=127.0.0.1;port=3306;charset=utf8
[ sql ] [ SQL ] SHOW COLUMNS FROM `ce_user` [ RunTime:0.012000s ]
[ sql ] [ SQL ] SELECT * FROM `ce_user` WHERE  `UserName` = 'chen' LIMIT 1 [ RunTime:0.001000s ]

---------------------------------------------------------------
[ 2017-03-24T11:52:08+08:00 ] 127.0.0.1 127.0.0.1 GET /phpace/public/
[ log ] lnbei.com/phpace/public/ [运行时间：0.100005s][吞吐率：10.00req/s] [内存消耗：2,614.91kb] [文件加载：48]
[ info ] [ LANG ] E:\f\phpace\thinkphp\lang\zh-cn.php
[ info ] [ ROUTE ] array (
  'type' => 'module',
  'module' => 
  array (
    0 => '',
    1 => NULL,
    2 => NULL,
  ),
)
[ info ] [ HEADER ] array (
  'host' => 'lnbei.com',
  'connection' => 'keep-alive',
  'upgrade-insecure-requests' => '1',
  'user-agent' => 'Mozilla/5.0 (Windows NT 6.1; WOW64) AppleWebKit/537.36 (KHTML, like Gecko) Chrome/56.0.2924.87 Safari/537.36',
  'accept' => 'text/html,application/xhtml+xml,application/xml;q=0.9,image/webp,*/*;q=0.8',
  'referer' => 'http://lnbei.com/phpace/public/',
  'accept-encoding' => 'gzip, deflate, sdch',
  'accept-language' => 'zh-CN,zh;q=0.8',
  'cookie' => 'PHPSESSID=06iftg2ulae87khgejfp82dk64',
)
[ info ] [ PARAM ] array (
)
[ info ] [ RUN ] app\index\controller\Index->index[ E:\f\phpace\application\index\controller\Index.php ]
[ info ] [ SESSION ] INIT array (
  'id' => '',
  'var_session_id' => 'sss',
  'prefix' => 'think',
  'type' => '',
  'auto_start' => true,
)
[ info ] [ DB ] INIT mysql
[ info ] [ VIEW ] E:\f\phpace\public/../application/index\view\index\index.html [ array (
  0 => 'menuhtml',
) ]
[ info ] [ LOG ] INIT File
[ sql ] [ DB ] CONNECT:[ UseTime:0.010000s ] mysql:dbname=phpce;host=127.0.0.1;port=3306;charset=utf8
[ sql ] [ SQL ] SELECT DISTINCT 	menu.MenuID AS menuID, 	menu.MenuName AS MenuName, 	menu.ParentID AS ParentID, 	menu.Flag AS Flag, 	menu.URL AS URL FROM 	ce_menu AS menu, 	ce_menu_role AS menu_role WHERE 	menu.MenuID = menu_role.MenuID AND menu_role.IsDelete = 0 AND menu.IsDelete =0 AND menu.Flag =0 AND menu_role.RoleID =1 Order by menu.MenuID ASC [ RunTime:0.015001s ]
[ error ] [8]未定义数组下标: 4[E:\f\phpace\extend\lib\html\BuildMenuHtml.php:34]
[ error ] [8]未定义数组下标: 5[E:\f\phpace\extend\lib\html\BuildMenuHtml.php:34]
[ error ] [8]未定义数组下标: 6[E:\f\phpace\extend\lib\html\BuildMenuHtml.php:34]
[ error ] [8]未定义数组下标: 7[E:\f\phpace\extend\lib\html\BuildMenuHtml.php:34]
[ error ] [8]未定义数组下标: 9[E:\f\phpace\extend\lib\html\BuildMenuHtml.php:34]
[ error ] [8]未定义数组下标: 10[E:\f\phpace\extend\lib\html\BuildMenuHtml.php:34]
[ error ] [8]未定义数组下标: 11[E:\f\phpace\extend\lib\html\BuildMenuHtml.php:34]
[ error ] [8]未定义数组下标: 12[E:\f\phpace\extend\lib\html\BuildMenuHtml.php:34]
[ error ] [8]未定义数组下标: 13[E:\f\phpace\extend\lib\html\BuildMenuHtml.php:34]
[ error ] [8]未定义数组下标: 14[E:\f\phpace\extend\lib\html\BuildMenuHtml.php:34]
[ error ] [8]未定义数组下标: 17[E:\f\phpace\extend\lib\html\BuildMenuHtml.php:34]
[ error ] [8]未定义数组下标: 15[E:\f\phpace\extend\lib\html\BuildMenuHtml.php:34]
[ error ] [8]未定义数组下标: 19[E:\f\phpace\extend\lib\html\BuildMenuHtml.php:34]

---------------------------------------------------------------
[ 2017-03-24T11:52:08+08:00 ] 127.0.0.1 127.0.0.1 GET /phpace/public//index/index/content
[ log ] lnbei.com/phpace/public//index/index/content [运行时间：0.062003s][吞吐率：16.13req/s] [内存消耗：1,842.30kb] [文件加载：38]
[ info ] [ LANG ] E:\f\phpace\thinkphp\lang\zh-cn.php
[ info ] [ ROUTE ] array (
  'type' => 'module',
  'module' => 
  array (
    0 => 'index',
    1 => 'index',
    2 => 'content',
  ),
)
[ info ] [ HEADER ] array (
  'host' => 'lnbei.com',
  'connection' => 'keep-alive',
  'accept' => '*/*',
  'x-requested-with' => 'XMLHttpRequest',
  'user-agent' => 'Mozilla/5.0 (Windows NT 6.1; WOW64) AppleWebKit/537.36 (KHTML, like Gecko) Chrome/56.0.2924.87 Safari/537.36',
  'referer' => 'http://lnbei.com/phpace/public/',
  'accept-encoding' => 'gzip, deflate, sdch',
  'accept-language' => 'zh-CN,zh;q=0.8',
  'cookie' => 'PHPSESSID=06iftg2ulae87khgejfp82dk64',
)
[ info ] [ PARAM ] array (
)
[ info ] [ RUN ] app\index\controller\Index->content[ E:\f\phpace\application\index\controller\Index.php ]
[ info ] [ VIEW ] E:\f\phpace\public/../application/index\view\index\content.html [ array (
) ]
[ info ] [ LOG ] INIT File

---------------------------------------------------------------
[ 2017-03-24T11:52:12+08:00 ] 127.0.0.1 127.0.0.1 GET /phpace/public//index/Menu/index/
[ log ] lnbei.com/phpace/public//index/Menu/index/ [运行时间：0.112007s][吞吐率：8.93req/s] [内存消耗：2,530.64kb] [文件加载：46]
[ info ] [ LANG ] E:\f\phpace\thinkphp\lang\zh-cn.php
[ info ] [ ROUTE ] array (
  'type' => 'module',
  'module' => 
  array (
    0 => 'index',
    1 => 'Menu',
    2 => 'index',
  ),
)
[ info ] [ HEADER ] array (
  'host' => 'lnbei.com',
  'connection' => 'keep-alive',
  'accept' => '*/*',
  'x-requested-with' => 'XMLHttpRequest',
  'user-agent' => 'Mozilla/5.0 (Windows NT 6.1; WOW64) AppleWebKit/537.36 (KHTML, like Gecko) Chrome/56.0.2924.87 Safari/537.36',
  'referer' => 'http://lnbei.com/phpace/public/',
  'accept-encoding' => 'gzip, deflate, sdch',
  'accept-language' => 'zh-CN,zh;q=0.8',
  'cookie' => 'PHPSESSID=06iftg2ulae87khgejfp82dk64',
)
[ info ] [ PARAM ] array (
)
[ info ] [ RUN ] app\index\controller\Menu->index[ E:\f\phpace\application\index\controller\Menu.php ]
[ info ] [ SESSION ] INIT array (
  'id' => '',
  'var_session_id' => 'sss',
  'prefix' => 'think',
  'type' => '',
  'auto_start' => true,
)
[ info ] [ DB ] INIT mysql
[ info ] [ VIEW ] E:\f\phpace\public/../application/index\view\menu\menu.html [ array (
  0 => 'menuhtml',
) ]
[ info ] [ LOG ] INIT File
[ sql ] [ DB ] CONNECT:[ UseTime:0.010001s ] mysql:dbname=phpce;host=127.0.0.1;port=3306;charset=utf8
[ sql ] [ SQL ] SELECT DISTINCT 	menu.MenuID AS menuID, 	menu.MenuName AS MenuName, 	menu.ParentID AS ParentID, 	menu.Flag AS Flag, 	menu.URL AS URL FROM 	ce_menu AS menu, 	ce_menu_role AS menu_role WHERE 	menu.MenuID = menu_role.MenuID AND menu_role.IsDelete = 0 AND menu.IsDelete =0 AND menu.Flag =0 AND menu_role.RoleID =1 Order by menu.MenuID ASC [ RunTime:0.002000s ]
[ error ] [8]未定义数组下标: 4[E:\f\phpace\extend\lib\html\BuildMenuHtml.php:34]
[ error ] [8]未定义数组下标: 5[E:\f\phpace\extend\lib\html\BuildMenuHtml.php:34]
[ error ] [8]未定义数组下标: 6[E:\f\phpace\extend\lib\html\BuildMenuHtml.php:34]
[ error ] [8]未定义数组下标: 7[E:\f\phpace\extend\lib\html\BuildMenuHtml.php:34]
[ error ] [8]未定义数组下标: 9[E:\f\phpace\extend\lib\html\BuildMenuHtml.php:34]
[ error ] [8]未定义数组下标: 10[E:\f\phpace\extend\lib\html\BuildMenuHtml.php:34]
[ error ] [8]未定义数组下标: 11[E:\f\phpace\extend\lib\html\BuildMenuHtml.php:34]
[ error ] [8]未定义数组下标: 12[E:\f\phpace\extend\lib\html\BuildMenuHtml.php:34]
[ error ] [8]未定义数组下标: 13[E:\f\phpace\extend\lib\html\BuildMenuHtml.php:34]
[ error ] [8]未定义数组下标: 14[E:\f\phpace\extend\lib\html\BuildMenuHtml.php:34]
[ error ] [8]未定义数组下标: 17[E:\f\phpace\extend\lib\html\BuildMenuHtml.php:34]
[ error ] [8]未定义数组下标: 15[E:\f\phpace\extend\lib\html\BuildMenuHtml.php:34]
[ error ] [8]未定义数组下标: 19[E:\f\phpace\extend\lib\html\BuildMenuHtml.php:34]

---------------------------------------------------------------
[ 2017-03-24T11:54:54+08:00 ] 127.0.0.1 127.0.0.1 GET /phpace/public//index/Menu/index/
[ log ] lnbei.com/phpace/public//index/Menu/index/ [运行时间：0.080005s][吞吐率：12.50req/s] [内存消耗：2,530.64kb] [文件加载：46]
[ info ] [ LANG ] E:\f\phpace\thinkphp\lang\zh-cn.php
[ info ] [ ROUTE ] array (
  'type' => 'module',
  'module' => 
  array (
    0 => 'index',
    1 => 'Menu',
    2 => 'index',
  ),
)
[ info ] [ HEADER ] array (
  'host' => 'lnbei.com',
  'connection' => 'keep-alive',
  'accept' => '*/*',
  'x-requested-with' => 'XMLHttpRequest',
  'user-agent' => 'Mozilla/5.0 (Windows NT 6.1; WOW64) AppleWebKit/537.36 (KHTML, like Gecko) Chrome/56.0.2924.87 Safari/537.36',
  'referer' => 'http://lnbei.com/phpace/public/',
  'accept-encoding' => 'gzip, deflate, sdch',
  'accept-language' => 'zh-CN,zh;q=0.8',
  'cookie' => 'PHPSESSID=06iftg2ulae87khgejfp82dk64',
)
[ info ] [ PARAM ] array (
)
[ info ] [ RUN ] app\index\controller\Menu->index[ E:\f\phpace\application\index\controller\Menu.php ]
[ info ] [ SESSION ] INIT array (
  'id' => '',
  'var_session_id' => 'sss',
  'prefix' => 'think',
  'type' => '',
  'auto_start' => true,
)
[ info ] [ DB ] INIT mysql
[ info ] [ VIEW ] E:\f\phpace\public/../application/index\view\menu\menu.html [ array (
  0 => 'menuhtml',
) ]
[ info ] [ LOG ] INIT File
[ sql ] [ DB ] CONNECT:[ UseTime:0.011001s ] mysql:dbname=phpce;host=127.0.0.1;port=3306;charset=utf8
[ sql ] [ SQL ] SELECT DISTINCT 	menu.MenuID AS menuID, 	menu.MenuName AS MenuName, 	menu.ParentID AS ParentID, 	menu.Flag AS Flag, 	menu.URL AS URL FROM 	ce_menu AS menu, 	ce_menu_role AS menu_role WHERE 	menu.MenuID = menu_role.MenuID AND menu_role.IsDelete = 0 AND menu.IsDelete =0 AND menu.Flag =0 AND menu_role.RoleID =1 Order by menu.MenuID ASC [ RunTime:0.002000s ]
[ error ] [8]未定义数组下标: 4[E:\f\phpace\extend\lib\html\BuildMenuHtml.php:34]
[ error ] [8]未定义数组下标: 5[E:\f\phpace\extend\lib\html\BuildMenuHtml.php:34]
[ error ] [8]未定义数组下标: 6[E:\f\phpace\extend\lib\html\BuildMenuHtml.php:34]
[ error ] [8]未定义数组下标: 7[E:\f\phpace\extend\lib\html\BuildMenuHtml.php:34]
[ error ] [8]未定义数组下标: 9[E:\f\phpace\extend\lib\html\BuildMenuHtml.php:34]
[ error ] [8]未定义数组下标: 10[E:\f\phpace\extend\lib\html\BuildMenuHtml.php:34]
[ error ] [8]未定义数组下标: 11[E:\f\phpace\extend\lib\html\BuildMenuHtml.php:34]
[ error ] [8]未定义数组下标: 12[E:\f\phpace\extend\lib\html\BuildMenuHtml.php:34]
[ error ] [8]未定义数组下标: 13[E:\f\phpace\extend\lib\html\BuildMenuHtml.php:34]
[ error ] [8]未定义数组下标: 14[E:\f\phpace\extend\lib\html\BuildMenuHtml.php:34]
[ error ] [8]未定义数组下标: 17[E:\f\phpace\extend\lib\html\BuildMenuHtml.php:34]
[ error ] [8]未定义数组下标: 15[E:\f\phpace\extend\lib\html\BuildMenuHtml.php:34]
[ error ] [8]未定义数组下标: 19[E:\f\phpace\extend\lib\html\BuildMenuHtml.php:34]

---------------------------------------------------------------
[ 2017-03-24T11:55:00+08:00 ] 127.0.0.1 127.0.0.1 GET /phpace/public/static/components/bootstrap-datepicker/dist/css/bootstrap-datepicker3.css.map
[ log ] lnbei.com/phpace/public/static/components/bootstrap-datepicker/dist/css/bootstrap-datepicker3.css.map [运行时间：0.057003s][吞吐率：17.54req/s] [内存消耗：1,523.05kb] [文件加载：33]
[ info ] [ LANG ] E:\f\phpace\thinkphp\lang\zh-cn.php
[ info ] [ ROUTE ] array (
  'type' => 'module',
  'module' => 
  array (
    0 => 'static',
    1 => 'components',
    2 => 'bootstrap-datepicker',
  ),
)
[ info ] [ HEADER ] array (
  'host' => 'lnbei.com',
  'connection' => 'keep-alive',
  'user-agent' => 'Mozilla/5.0 (Windows NT 6.1; WOW64) AppleWebKit/537.36 (KHTML, like Gecko) Chrome/56.0.2924.87 Safari/537.36',
  'accept-encoding' => 'gzip, deflate, sdch',
  'accept-language' => 'zh-CN,zh;q=0.8',
  'cookie' => 'PHPSESSID=06iftg2ulae87khgejfp82dk64',
)
[ info ] [ PARAM ] array (
  'dist' => 'css',
)
[ info ] [ LOG ] INIT File

---------------------------------------------------------------
[ 2017-03-24T11:55:10+08:00 ] 127.0.0.1 127.0.0.1 GET /phpace/public/
[ log ] lnbei.com/phpace/public/ [运行时间：0.092005s][吞吐率：10.87req/s] [内存消耗：2,614.99kb] [文件加载：48]
[ info ] [ LANG ] E:\f\phpace\thinkphp\lang\zh-cn.php
[ info ] [ ROUTE ] array (
  'type' => 'module',
  'module' => 
  array (
    0 => '',
    1 => NULL,
    2 => NULL,
  ),
)
[ info ] [ HEADER ] array (
  'host' => 'lnbei.com',
  'connection' => 'keep-alive',
  'cache-control' => 'max-age=0',
  'upgrade-insecure-requests' => '1',
  'user-agent' => 'Mozilla/5.0 (Windows NT 6.1; WOW64) AppleWebKit/537.36 (KHTML, like Gecko) Chrome/56.0.2924.87 Safari/537.36',
  'accept' => 'text/html,application/xhtml+xml,application/xml;q=0.9,image/webp,*/*;q=0.8',
  'referer' => 'http://lnbei.com/phpace/public/',
  'accept-encoding' => 'gzip, deflate, sdch',
  'accept-language' => 'zh-CN,zh;q=0.8',
  'cookie' => 'PHPSESSID=06iftg2ulae87khgejfp82dk64',
)
[ info ] [ PARAM ] array (
)
[ info ] [ RUN ] app\index\controller\Index->index[ E:\f\phpace\application\index\controller\Index.php ]
[ info ] [ SESSION ] INIT array (
  'id' => '',
  'var_session_id' => 'sss',
  'prefix' => 'think',
  'type' => '',
  'auto_start' => true,
)
[ info ] [ DB ] INIT mysql
[ info ] [ VIEW ] E:\f\phpace\public/../application/index\view\index\index.html [ array (
  0 => 'menuhtml',
) ]
[ info ] [ LOG ] INIT File
[ sql ] [ DB ] CONNECT:[ UseTime:0.010000s ] mysql:dbname=phpce;host=127.0.0.1;port=3306;charset=utf8
[ sql ] [ SQL ] SELECT DISTINCT 	menu.MenuID AS menuID, 	menu.MenuName AS MenuName, 	menu.ParentID AS ParentID, 	menu.Flag AS Flag, 	menu.URL AS URL FROM 	ce_menu AS menu, 	ce_menu_role AS menu_role WHERE 	menu.MenuID = menu_role.MenuID AND menu_role.IsDelete = 0 AND menu.IsDelete =0 AND menu.Flag =0 AND menu_role.RoleID =1 Order by menu.MenuID ASC [ RunTime:0.003001s ]
[ error ] [8]未定义数组下标: 4[E:\f\phpace\extend\lib\html\BuildMenuHtml.php:34]
[ error ] [8]未定义数组下标: 5[E:\f\phpace\extend\lib\html\BuildMenuHtml.php:34]
[ error ] [8]未定义数组下标: 6[E:\f\phpace\extend\lib\html\BuildMenuHtml.php:34]
[ error ] [8]未定义数组下标: 7[E:\f\phpace\extend\lib\html\BuildMenuHtml.php:34]
[ error ] [8]未定义数组下标: 9[E:\f\phpace\extend\lib\html\BuildMenuHtml.php:34]
[ error ] [8]未定义数组下标: 10[E:\f\phpace\extend\lib\html\BuildMenuHtml.php:34]
[ error ] [8]未定义数组下标: 11[E:\f\phpace\extend\lib\html\BuildMenuHtml.php:34]
[ error ] [8]未定义数组下标: 12[E:\f\phpace\extend\lib\html\BuildMenuHtml.php:34]
[ error ] [8]未定义数组下标: 13[E:\f\phpace\extend\lib\html\BuildMenuHtml.php:34]
[ error ] [8]未定义数组下标: 14[E:\f\phpace\extend\lib\html\BuildMenuHtml.php:34]
[ error ] [8]未定义数组下标: 17[E:\f\phpace\extend\lib\html\BuildMenuHtml.php:34]
[ error ] [8]未定义数组下标: 15[E:\f\phpace\extend\lib\html\BuildMenuHtml.php:34]
[ error ] [8]未定义数组下标: 19[E:\f\phpace\extend\lib\html\BuildMenuHtml.php:34]

---------------------------------------------------------------
[ 2017-03-24T11:55:11+08:00 ] 127.0.0.1 127.0.0.1 GET /phpace/public//index/Menu/index/
[ log ] lnbei.com/phpace/public//index/Menu/index/ [运行时间：0.105006s][吞吐率：9.52req/s] [内存消耗：2,530.64kb] [文件加载：46]
[ info ] [ LANG ] E:\f\phpace\thinkphp\lang\zh-cn.php
[ info ] [ ROUTE ] array (
  'type' => 'module',
  'module' => 
  array (
    0 => 'index',
    1 => 'Menu',
    2 => 'index',
  ),
)
[ info ] [ HEADER ] array (
  'host' => 'lnbei.com',
  'connection' => 'keep-alive',
  'accept' => '*/*',
  'x-requested-with' => 'XMLHttpRequest',
  'user-agent' => 'Mozilla/5.0 (Windows NT 6.1; WOW64) AppleWebKit/537.36 (KHTML, like Gecko) Chrome/56.0.2924.87 Safari/537.36',
  'referer' => 'http://lnbei.com/phpace/public/',
  'accept-encoding' => 'gzip, deflate, sdch',
  'accept-language' => 'zh-CN,zh;q=0.8',
  'cookie' => 'PHPSESSID=06iftg2ulae87khgejfp82dk64',
)
[ info ] [ PARAM ] array (
)
[ info ] [ RUN ] app\index\controller\Menu->index[ E:\f\phpace\application\index\controller\Menu.php ]
[ info ] [ SESSION ] INIT array (
  'id' => '',
  'var_session_id' => 'sss',
  'prefix' => 'think',
  'type' => '',
  'auto_start' => true,
)
[ info ] [ DB ] INIT mysql
[ info ] [ VIEW ] E:\f\phpace\public/../application/index\view\menu\menu.html [ array (
  0 => 'menuhtml',
) ]
[ info ] [ LOG ] INIT File
[ sql ] [ DB ] CONNECT:[ UseTime:0.011000s ] mysql:dbname=phpce;host=127.0.0.1;port=3306;charset=utf8
[ sql ] [ SQL ] SELECT DISTINCT 	menu.MenuID AS menuID, 	menu.MenuName AS MenuName, 	menu.ParentID AS ParentID, 	menu.Flag AS Flag, 	menu.URL AS URL FROM 	ce_menu AS menu, 	ce_menu_role AS menu_role WHERE 	menu.MenuID = menu_role.MenuID AND menu_role.IsDelete = 0 AND menu.IsDelete =0 AND menu.Flag =0 AND menu_role.RoleID =1 Order by menu.MenuID ASC [ RunTime:0.005000s ]
[ error ] [8]未定义数组下标: 4[E:\f\phpace\extend\lib\html\BuildMenuHtml.php:34]
[ error ] [8]未定义数组下标: 5[E:\f\phpace\extend\lib\html\BuildMenuHtml.php:34]
[ error ] [8]未定义数组下标: 6[E:\f\phpace\extend\lib\html\BuildMenuHtml.php:34]
[ error ] [8]未定义数组下标: 7[E:\f\phpace\extend\lib\html\BuildMenuHtml.php:34]
[ error ] [8]未定义数组下标: 9[E:\f\phpace\extend\lib\html\BuildMenuHtml.php:34]
[ error ] [8]未定义数组下标: 10[E:\f\phpace\extend\lib\html\BuildMenuHtml.php:34]
[ error ] [8]未定义数组下标: 11[E:\f\phpace\extend\lib\html\BuildMenuHtml.php:34]
[ error ] [8]未定义数组下标: 12[E:\f\phpace\extend\lib\html\BuildMenuHtml.php:34]
[ error ] [8]未定义数组下标: 13[E:\f\phpace\extend\lib\html\BuildMenuHtml.php:34]
[ error ] [8]未定义数组下标: 14[E:\f\phpace\extend\lib\html\BuildMenuHtml.php:34]
[ error ] [8]未定义数组下标: 17[E:\f\phpace\extend\lib\html\BuildMenuHtml.php:34]
[ error ] [8]未定义数组下标: 15[E:\f\phpace\extend\lib\html\BuildMenuHtml.php:34]
[ error ] [8]未定义数组下标: 19[E:\f\phpace\extend\lib\html\BuildMenuHtml.php:34]

---------------------------------------------------------------
[ 2017-03-24T11:55:11+08:00 ] 127.0.0.1 127.0.0.1 GET /phpace/public/static/components/bootstrap-datepicker/dist/css/bootstrap-datepicker3.css.map
[ log ] lnbei.com/phpace/public/static/components/bootstrap-datepicker/dist/css/bootstrap-datepicker3.css.map [运行时间：0.063004s][吞吐率：15.87req/s] [内存消耗：1,523.05kb] [文件加载：33]
[ info ] [ LANG ] E:\f\phpace\thinkphp\lang\zh-cn.php
[ info ] [ ROUTE ] array (
  'type' => 'module',
  'module' => 
  array (
    0 => 'static',
    1 => 'components',
    2 => 'bootstrap-datepicker',
  ),
)
[ info ] [ HEADER ] array (
  'host' => 'lnbei.com',
  'connection' => 'keep-alive',
  'user-agent' => 'Mozilla/5.0 (Windows NT 6.1; WOW64) AppleWebKit/537.36 (KHTML, like Gecko) Chrome/56.0.2924.87 Safari/537.36',
  'accept-encoding' => 'gzip, deflate, sdch',
  'accept-language' => 'zh-CN,zh;q=0.8',
  'cookie' => 'PHPSESSID=06iftg2ulae87khgejfp82dk64',
)
[ info ] [ PARAM ] array (
  'dist' => 'css',
)
[ info ] [ LOG ] INIT File

---------------------------------------------------------------
[ 2017-03-24T12:05:27+08:00 ] 127.0.0.1 127.0.0.1 GET /phpace/public//index/User/index/
[ log ] lnbei.com/phpace/public//index/User/index/ [运行时间：0.094006s][吞吐率：10.64req/s] [内存消耗：1,802.05kb] [文件加载：36]
[ info ] [ LANG ] E:\f\phpace\thinkphp\lang\zh-cn.php
[ info ] [ ROUTE ] array (
  'type' => 'module',
  'module' => 
  array (
    0 => 'index',
    1 => 'User',
    2 => 'index',
  ),
)
[ info ] [ HEADER ] array (
  'host' => 'lnbei.com',
  'connection' => 'keep-alive',
  'accept' => '*/*',
  'x-requested-with' => 'XMLHttpRequest',
  'user-agent' => 'Mozilla/5.0 (Windows NT 6.1; WOW64) AppleWebKit/537.36 (KHTML, like Gecko) Chrome/56.0.2924.87 Safari/537.36',
  'referer' => 'http://lnbei.com/phpace/public/',
  'accept-encoding' => 'gzip, deflate, sdch',
  'accept-language' => 'zh-CN,zh;q=0.8',
  'cookie' => 'PHPSESSID=06iftg2ulae87khgejfp82dk64',
)
[ info ] [ PARAM ] array (
)
[ info ] [ RUN ] app\index\controller\User->index[ E:\f\phpace\application\index\controller\User.php ]
[ info ] [ SESSION ] INIT array (
  'id' => '',
  'var_session_id' => 'sss',
  'prefix' => 'think',
  'type' => '',
  'auto_start' => true,
)
[ info ] [ VIEW ] E:\f\phpace\public/../application/index\view\user\index.html [ array (
) ]
[ info ] [ LOG ] INIT File

---------------------------------------------------------------
[ 2017-03-24T12:05:27+08:00 ] 127.0.0.1 127.0.0.1 POST /phpace/public/index/Department/getDeparList
[ log ] lnbei.com/phpace/public/index/Department/getDeparList [运行时间：0.111006s][吞吐率：9.01req/s] [内存消耗：2,794.20kb] [文件加载：40]
[ info ] [ LANG ] E:\f\phpace\thinkphp\lang\zh-cn.php
[ info ] [ ROUTE ] array (
  'type' => 'module',
  'module' => 
  array (
    0 => 'index',
    1 => 'Department',
    2 => 'getDeparList',
  ),
)
[ info ] [ HEADER ] array (
  'host' => 'lnbei.com',
  'connection' => 'keep-alive',
  'accept' => 'application/json, text/javascript, */*; q=0.01',
  'origin' => 'http://lnbei.com',
  'x-requested-with' => 'XMLHttpRequest',
  'user-agent' => 'Mozilla/5.0 (Windows NT 6.1; WOW64) AppleWebKit/537.36 (KHTML, like Gecko) Chrome/56.0.2924.87 Safari/537.36',
  'content-type' => 'application/x-www-form-urlencoded; charset=UTF-8',
  'referer' => 'http://lnbei.com/phpace/public/',
  'accept-encoding' => 'gzip, deflate',
  'accept-language' => 'zh-CN,zh;q=0.8',
  'cookie' => 'PHPSESSID=06iftg2ulae87khgejfp82dk64',
  'content-length' => '4',
)
[ info ] [ PARAM ] array (
  'id' => '0',
)
[ info ] [ RUN ] app\index\controller\Department->getDeparList[ E:\f\phpace\application\index\controller\Department.php ]
[ info ] [ SESSION ] INIT array (
  'id' => '',
  'var_session_id' => 'sss',
  'prefix' => 'think',
  'type' => '',
  'auto_start' => true,
)
[ info ] [ DB ] INIT mysql
[ info ] [ LOG ] INIT File
[ sql ] [ DB ] CONNECT:[ UseTime:0.006000s ] mysql:dbname=phpce;host=127.0.0.1;port=3306;charset=utf8
[ sql ] [ SQL ] SELECT 	c.*, 	(		SELECT			COUNT(*) 		FROM 			ce_department c2 		WHERE 			c2.ParentID = c.ID 	) AS child_count FROM 	ce_department c WHERE 	c.ParentID = 0 [ RunTime:0.055003s ]

---------------------------------------------------------------
[ 2017-03-24T12:05:27+08:00 ] 127.0.0.1 127.0.0.1 POST /phpace/public/index/Department/getDeparList
[ log ] lnbei.com/phpace/public/index/Department/getDeparList [运行时间：0.133008s][吞吐率：7.52req/s] [内存消耗：2,794.20kb] [文件加载：40]
[ info ] [ LANG ] E:\f\phpace\thinkphp\lang\zh-cn.php
[ info ] [ ROUTE ] array (
  'type' => 'module',
  'module' => 
  array (
    0 => 'index',
    1 => 'Department',
    2 => 'getDeparList',
  ),
)
[ info ] [ HEADER ] array (
  'host' => 'lnbei.com',
  'connection' => 'keep-alive',
  'accept' => 'application/json, text/javascript, */*; q=0.01',
  'origin' => 'http://lnbei.com',
  'x-requested-with' => 'XMLHttpRequest',
  'user-agent' => 'Mozilla/5.0 (Windows NT 6.1; WOW64) AppleWebKit/537.36 (KHTML, like Gecko) Chrome/56.0.2924.87 Safari/537.36',
  'content-type' => 'application/x-www-form-urlencoded; charset=UTF-8',
  'referer' => 'http://lnbei.com/phpace/public/',
  'accept-encoding' => 'gzip, deflate',
  'accept-language' => 'zh-CN,zh;q=0.8',
  'cookie' => 'PHPSESSID=06iftg2ulae87khgejfp82dk64',
  'content-length' => '4',
)
[ info ] [ PARAM ] array (
  'id' => '0',
)
[ info ] [ RUN ] app\index\controller\Department->getDeparList[ E:\f\phpace\application\index\controller\Department.php ]
[ info ] [ SESSION ] INIT array (
  'id' => '',
  'var_session_id' => 'sss',
  'prefix' => 'think',
  'type' => '',
  'auto_start' => true,
)
[ info ] [ DB ] INIT mysql
[ info ] [ LOG ] INIT File
[ sql ] [ DB ] CONNECT:[ UseTime:0.001000s ] mysql:dbname=phpce;host=127.0.0.1;port=3306;charset=utf8
[ sql ] [ SQL ] SELECT 	c.*, 	(		SELECT			COUNT(*) 		FROM 			ce_department c2 		WHERE 			c2.ParentID = c.ID 	) AS child_count FROM 	ce_department c WHERE 	c.ParentID = 0 [ RunTime:0.003000s ]

---------------------------------------------------------------
[ 2017-03-24T12:05:27+08:00 ] 127.0.0.1 127.0.0.1 GET /phpace/public/index/User/getUserByDepartID?id=0&sEcho=1&iColumns=8&sColumns=%2C%2C%2C%2C%2C%2C%2C&iDisplayStart=0&iDisplayLength=10&mDataProp_0=&sSearch_0=&bRegex_0=false&bSearchable_0=true&bSortable_0=false&mDataProp_1=UserName&sSearch_1=&bRegex_1=false&bSearchable_1=true&bSortable_1=false&mDataProp_2=Name&sSearch_2=&bRegex_2=false&bSearchable_2=true&bSortable_2=false&mDataProp_3=phone&sSearch_3=&bRegex_3=false&bSearchable_3=true&bSortable_3=false&mDataProp_4=moblie&sSearch_4=&bRegex_4=false&bSearchable_4=true&bSortable_4=false&mDataProp_5=CompanyName&sSearch_5=&bRegex_5=false&bSearchable_5=true&bSortable_5=false&mDataProp_6=DeparName&sSearch_6=&bRegex_6=false&bSearchable_6=true&bSortable_6=false&mDataProp_7=&sSearch_7=&bRegex_7=false&bSearchable_7=true&bSortable_7=false&sSearch=&bRegex=false&iSortCol_0=0&sSortDir_0=asc&iSortingCols=1&_=1490327710790
[ log ] lnbei.com/phpace/public/index/User/getUserByDepartID?id=0&sEcho=1&iColumns=8&sColumns=%2C%2C%2C%2C%2C%2C%2C&iDisplayStart=0&iDisplayLength=10&mDataProp_0=&sSearch_0=&bRegex_0=false&bSearchable_0=true&bSortable_0=false&mDataProp_1=UserName&sSearch_1=&bRegex_1=false&bSearchable_1=true&bSortable_1=false&mDataProp_2=Name&sSearch_2=&bRegex_2=false&bSearchable_2=true&bSortable_2=false&mDataProp_3=phone&sSearch_3=&bRegex_3=false&bSearchable_3=true&bSortable_3=false&mDataProp_4=moblie&sSearch_4=&bRegex_4=false&bSearchable_4=true&bSortable_4=false&mDataProp_5=CompanyName&sSearch_5=&bRegex_5=false&bSearchable_5=true&bSortable_5=false&mDataProp_6=DeparName&sSearch_6=&bRegex_6=false&bSearchable_6=true&bSortable_6=false&mDataProp_7=&sSearch_7=&bRegex_7=false&bSearchable_7=true&bSortable_7=false&sSearch=&bRegex=false&iSortCol_0=0&sSortDir_0=asc&iSortingCols=1&_=1490327710790 [运行时间：0.091005s][吞吐率：10.99req/s] [内存消耗：2,793.05kb] [文件加载：40]
[ info ] [ LANG ] E:\f\phpace\thinkphp\lang\zh-cn.php
[ info ] [ ROUTE ] array (
  'type' => 'module',
  'module' => 
  array (
    0 => 'index',
    1 => 'User',
    2 => 'getUserByDepartID',
  ),
)
[ info ] [ HEADER ] array (
  'host' => 'lnbei.com',
  'connection' => 'keep-alive',
  'accept' => 'application/json, text/javascript, */*; q=0.01',
  'x-requested-with' => 'XMLHttpRequest',
  'user-agent' => 'Mozilla/5.0 (Windows NT 6.1; WOW64) AppleWebKit/537.36 (KHTML, like Gecko) Chrome/56.0.2924.87 Safari/537.36',
  'referer' => 'http://lnbei.com/phpace/public/',
  'accept-encoding' => 'gzip, deflate, sdch',
  'accept-language' => 'zh-CN,zh;q=0.8',
  'cookie' => 'PHPSESSID=06iftg2ulae87khgejfp82dk64',
)
[ info ] [ PARAM ] array (
  'id' => '0',
  'sEcho' => '1',
  'iColumns' => '8',
  'sColumns' => ',,,,,,,',
  'iDisplayStart' => '0',
  'iDisplayLength' => '10',
  'mDataProp_0' => '',
  'sSearch_0' => '',
  'bRegex_0' => 'false',
  'bSearchable_0' => 'true',
  'bSortable_0' => 'false',
  'mDataProp_1' => 'UserName',
  'sSearch_1' => '',
  'bRegex_1' => 'false',
  'bSearchable_1' => 'true',
  'bSortable_1' => 'false',
  'mDataProp_2' => 'Name',
  'sSearch_2' => '',
  'bRegex_2' => 'false',
  'bSearchable_2' => 'true',
  'bSortable_2' => 'false',
  'mDataProp_3' => 'phone',
  'sSearch_3' => '',
  'bRegex_3' => 'false',
  'bSearchable_3' => 'true',
  'bSortable_3' => 'false',
  'mDataProp_4' => 'moblie',
  'sSearch_4' => '',
  'bRegex_4' => 'false',
  'bSearchable_4' => 'true',
  'bSortable_4' => 'false',
  'mDataProp_5' => 'CompanyName',
  'sSearch_5' => '',
  'bRegex_5' => 'false',
  'bSearchable_5' => 'true',
  'bSortable_5' => 'false',
  'mDataProp_6' => 'DeparName',
  'sSearch_6' => '',
  'bRegex_6' => 'false',
  'bSearchable_6' => 'true',
  'bSortable_6' => 'false',
  'mDataProp_7' => '',
  'sSearch_7' => '',
  'bRegex_7' => 'false',
  'bSearchable_7' => 'true',
  'bSortable_7' => 'false',
  'sSearch' => '',
  'bRegex' => 'false',
  'iSortCol_0' => '0',
  'sSortDir_0' => 'asc',
  'iSortingCols' => '1',
  '_' => '1490327710790',
)
[ info ] [ RUN ] app\index\controller\User->getUserByDepartID[ E:\f\phpace\application\index\controller\User.php ]
[ info ] [ SESSION ] INIT array (
  'id' => '',
  'var_session_id' => 'sss',
  'prefix' => 'think',
  'type' => '',
  'auto_start' => true,
)
[ info ] [ DB ] INIT mysql
[ info ] [ LOG ] INIT File
[ sql ] [ DB ] CONNECT:[ UseTime:0.002000s ] mysql:dbname=phpce;host=127.0.0.1;port=3306;charset=utf8
[ sql ] [ SQL ] SELECT users.UserName UserName, users.phone phone, users.moblie moblie, depart.ShortName CompanyName, depart.OrganizationName DeparName, users.Names AS Name FROM ce_department AS depart, ce_user AS users WHERE depart.ID = users.DepartmentID AND depart.IsDelete = 0 AND users.IsDelete = 0 AND depart.ID = 1  limit 0 , 10 [ RunTime:0.002000s ]
[ sql ] [ SQL ] SELECT count(0) UserSize  FROM  ce_department AS depart, ce_user AS users WHERE depart.ID = users.DepartmentID AND depart.IsDelete = 0  AND users.IsDelete = 0  AND depart.ID = 1 [ RunTime:0.001001s ]

---------------------------------------------------------------
[ 2017-03-24T12:05:28+08:00 ] 127.0.0.1 127.0.0.1 GET /phpace/public/index/User/getUserByDepartID?id=0&sEcho=2&iColumns=8&sColumns=%2C%2C%2C%2C%2C%2C%2C&iDisplayStart=0&iDisplayLength=10&mDataProp_0=&sSearch_0=&bRegex_0=false&bSearchable_0=true&bSortable_0=false&mDataProp_1=UserName&sSearch_1=&bRegex_1=false&bSearchable_1=true&bSortable_1=false&mDataProp_2=Name&sSearch_2=&bRegex_2=false&bSearchable_2=true&bSortable_2=false&mDataProp_3=phone&sSearch_3=&bRegex_3=false&bSearchable_3=true&bSortable_3=false&mDataProp_4=moblie&sSearch_4=&bRegex_4=false&bSearchable_4=true&bSortable_4=false&mDataProp_5=CompanyName&sSearch_5=&bRegex_5=false&bSearchable_5=true&bSortable_5=false&mDataProp_6=DeparName&sSearch_6=&bRegex_6=false&bSearchable_6=true&bSortable_6=false&mDataProp_7=&sSearch_7=&bRegex_7=false&bSearchable_7=true&bSortable_7=false&sSearch=&bRegex=false&iSortCol_0=0&sSortDir_0=asc&iSortingCols=1&_=1490327710791
[ log ] lnbei.com/phpace/public/index/User/getUserByDepartID?id=0&sEcho=2&iColumns=8&sColumns=%2C%2C%2C%2C%2C%2C%2C&iDisplayStart=0&iDisplayLength=10&mDataProp_0=&sSearch_0=&bRegex_0=false&bSearchable_0=true&bSortable_0=false&mDataProp_1=UserName&sSearch_1=&bRegex_1=false&bSearchable_1=true&bSortable_1=false&mDataProp_2=Name&sSearch_2=&bRegex_2=false&bSearchable_2=true&bSortable_2=false&mDataProp_3=phone&sSearch_3=&bRegex_3=false&bSearchable_3=true&bSortable_3=false&mDataProp_4=moblie&sSearch_4=&bRegex_4=false&bSearchable_4=true&bSortable_4=false&mDataProp_5=CompanyName&sSearch_5=&bRegex_5=false&bSearchable_5=true&bSortable_5=false&mDataProp_6=DeparName&sSearch_6=&bRegex_6=false&bSearchable_6=true&bSortable_6=false&mDataProp_7=&sSearch_7=&bRegex_7=false&bSearchable_7=true&bSortable_7=false&sSearch=&bRegex=false&iSortCol_0=0&sSortDir_0=asc&iSortingCols=1&_=1490327710791 [运行时间：0.095005s][吞吐率：10.53req/s] [内存消耗：2,793.05kb] [文件加载：40]
[ info ] [ LANG ] E:\f\phpace\thinkphp\lang\zh-cn.php
[ info ] [ ROUTE ] array (
  'type' => 'module',
  'module' => 
  array (
    0 => 'index',
    1 => 'User',
    2 => 'getUserByDepartID',
  ),
)
[ info ] [ HEADER ] array (
  'host' => 'lnbei.com',
  'connection' => 'keep-alive',
  'accept' => 'application/json, text/javascript, */*; q=0.01',
  'x-requested-with' => 'XMLHttpRequest',
  'user-agent' => 'Mozilla/5.0 (Windows NT 6.1; WOW64) AppleWebKit/537.36 (KHTML, like Gecko) Chrome/56.0.2924.87 Safari/537.36',
  'referer' => 'http://lnbei.com/phpace/public/',
  'accept-encoding' => 'gzip, deflate, sdch',
  'accept-language' => 'zh-CN,zh;q=0.8',
  'cookie' => 'PHPSESSID=06iftg2ulae87khgejfp82dk64',
)
[ info ] [ PARAM ] array (
  'id' => '0',
  'sEcho' => '2',
  'iColumns' => '8',
  'sColumns' => ',,,,,,,',
  'iDisplayStart' => '0',
  'iDisplayLength' => '10',
  'mDataProp_0' => '',
  'sSearch_0' => '',
  'bRegex_0' => 'false',
  'bSearchable_0' => 'true',
  'bSortable_0' => 'false',
  'mDataProp_1' => 'UserName',
  'sSearch_1' => '',
  'bRegex_1' => 'false',
  'bSearchable_1' => 'true',
  'bSortable_1' => 'false',
  'mDataProp_2' => 'Name',
  'sSearch_2' => '',
  'bRegex_2' => 'false',
  'bSearchable_2' => 'true',
  'bSortable_2' => 'false',
  'mDataProp_3' => 'phone',
  'sSearch_3' => '',
  'bRegex_3' => 'false',
  'bSearchable_3' => 'true',
  'bSortable_3' => 'false',
  'mDataProp_4' => 'moblie',
  'sSearch_4' => '',
  'bRegex_4' => 'false',
  'bSearchable_4' => 'true',
  'bSortable_4' => 'false',
  'mDataProp_5' => 'CompanyName',
  'sSearch_5' => '',
  'bRegex_5' => 'false',
  'bSearchable_5' => 'true',
  'bSortable_5' => 'false',
  'mDataProp_6' => 'DeparName',
  'sSearch_6' => '',
  'bRegex_6' => 'false',
  'bSearchable_6' => 'true',
  'bSortable_6' => 'false',
  'mDataProp_7' => '',
  'sSearch_7' => '',
  'bRegex_7' => 'false',
  'bSearchable_7' => 'true',
  'bSortable_7' => 'false',
  'sSearch' => '',
  'bRegex' => 'false',
  'iSortCol_0' => '0',
  'sSortDir_0' => 'asc',
  'iSortingCols' => '1',
  '_' => '1490327710791',
)
[ info ] [ RUN ] app\index\controller\User->getUserByDepartID[ E:\f\phpace\application\index\controller\User.php ]
[ info ] [ SESSION ] INIT array (
  'id' => '',
  'var_session_id' => 'sss',
  'prefix' => 'think',
  'type' => '',
  'auto_start' => true,
)
[ info ] [ DB ] INIT mysql
[ info ] [ LOG ] INIT File
[ sql ] [ DB ] CONNECT:[ UseTime:0.011000s ] mysql:dbname=phpce;host=127.0.0.1;port=3306;charset=utf8
[ sql ] [ SQL ] SELECT users.UserName UserName, users.phone phone, users.moblie moblie, depart.ShortName CompanyName, depart.OrganizationName DeparName, users.Names AS Name FROM ce_department AS depart, ce_user AS users WHERE depart.ID = users.DepartmentID AND depart.IsDelete = 0 AND users.IsDelete = 0 AND depart.ID = 1  limit 0 , 10 [ RunTime:0.002000s ]
[ sql ] [ SQL ] SELECT count(0) UserSize  FROM  ce_department AS depart, ce_user AS users WHERE depart.ID = users.DepartmentID AND depart.IsDelete = 0  AND users.IsDelete = 0  AND depart.ID = 1 [ RunTime:0.001000s ]

---------------------------------------------------------------
[ 2017-03-24T12:05:30+08:00 ] 127.0.0.1 127.0.0.1 GET /phpace/public/index/User/getUserByDepartID?id=0&sEcho=3&iColumns=8&sColumns=%2C%2C%2C%2C%2C%2C%2C&iDisplayStart=10&iDisplayLength=10&mDataProp_0=&sSearch_0=&bRegex_0=false&bSearchable_0=true&bSortable_0=false&mDataProp_1=UserName&sSearch_1=&bRegex_1=false&bSearchable_1=true&bSortable_1=false&mDataProp_2=Name&sSearch_2=&bRegex_2=false&bSearchable_2=true&bSortable_2=false&mDataProp_3=phone&sSearch_3=&bRegex_3=false&bSearchable_3=true&bSortable_3=false&mDataProp_4=moblie&sSearch_4=&bRegex_4=false&bSearchable_4=true&bSortable_4=false&mDataProp_5=CompanyName&sSearch_5=&bRegex_5=false&bSearchable_5=true&bSortable_5=false&mDataProp_6=DeparName&sSearch_6=&bRegex_6=false&bSearchable_6=true&bSortable_6=false&mDataProp_7=&sSearch_7=&bRegex_7=false&bSearchable_7=true&bSortable_7=false&sSearch=&bRegex=false&iSortCol_0=0&sSortDir_0=asc&iSortingCols=1&_=1490327710792
[ log ] lnbei.com/phpace/public/index/User/getUserByDepartID?id=0&sEcho=3&iColumns=8&sColumns=%2C%2C%2C%2C%2C%2C%2C&iDisplayStart=10&iDisplayLength=10&mDataProp_0=&sSearch_0=&bRegex_0=false&bSearchable_0=true&bSortable_0=false&mDataProp_1=UserName&sSearch_1=&bRegex_1=false&bSearchable_1=true&bSortable_1=false&mDataProp_2=Name&sSearch_2=&bRegex_2=false&bSearchable_2=true&bSortable_2=false&mDataProp_3=phone&sSearch_3=&bRegex_3=false&bSearchable_3=true&bSortable_3=false&mDataProp_4=moblie&sSearch_4=&bRegex_4=false&bSearchable_4=true&bSortable_4=false&mDataProp_5=CompanyName&sSearch_5=&bRegex_5=false&bSearchable_5=true&bSortable_5=false&mDataProp_6=DeparName&sSearch_6=&bRegex_6=false&bSearchable_6=true&bSortable_6=false&mDataProp_7=&sSearch_7=&bRegex_7=false&bSearchable_7=true&bSortable_7=false&sSearch=&bRegex=false&iSortCol_0=0&sSortDir_0=asc&iSortingCols=1&_=1490327710792 [运行时间：0.103006s][吞吐率：9.71req/s] [内存消耗：2,793.05kb] [文件加载：40]
[ info ] [ LANG ] E:\f\phpace\thinkphp\lang\zh-cn.php
[ info ] [ ROUTE ] array (
  'type' => 'module',
  'module' => 
  array (
    0 => 'index',
    1 => 'User',
    2 => 'getUserByDepartID',
  ),
)
[ info ] [ HEADER ] array (
  'host' => 'lnbei.com',
  'connection' => 'keep-alive',
  'accept' => 'application/json, text/javascript, */*; q=0.01',
  'x-requested-with' => 'XMLHttpRequest',
  'user-agent' => 'Mozilla/5.0 (Windows NT 6.1; WOW64) AppleWebKit/537.36 (KHTML, like Gecko) Chrome/56.0.2924.87 Safari/537.36',
  'referer' => 'http://lnbei.com/phpace/public/',
  'accept-encoding' => 'gzip, deflate, sdch',
  'accept-language' => 'zh-CN,zh;q=0.8',
  'cookie' => 'PHPSESSID=06iftg2ulae87khgejfp82dk64',
)
[ info ] [ PARAM ] array (
  'id' => '0',
  'sEcho' => '3',
  'iColumns' => '8',
  'sColumns' => ',,,,,,,',
  'iDisplayStart' => '10',
  'iDisplayLength' => '10',
  'mDataProp_0' => '',
  'sSearch_0' => '',
  'bRegex_0' => 'false',
  'bSearchable_0' => 'true',
  'bSortable_0' => 'false',
  'mDataProp_1' => 'UserName',
  'sSearch_1' => '',
  'bRegex_1' => 'false',
  'bSearchable_1' => 'true',
  'bSortable_1' => 'false',
  'mDataProp_2' => 'Name',
  'sSearch_2' => '',
  'bRegex_2' => 'false',
  'bSearchable_2' => 'true',
  'bSortable_2' => 'false',
  'mDataProp_3' => 'phone',
  'sSearch_3' => '',
  'bRegex_3' => 'false',
  'bSearchable_3' => 'true',
  'bSortable_3' => 'false',
  'mDataProp_4' => 'moblie',
  'sSearch_4' => '',
  'bRegex_4' => 'false',
  'bSearchable_4' => 'true',
  'bSortable_4' => 'false',
  'mDataProp_5' => 'CompanyName',
  'sSearch_5' => '',
  'bRegex_5' => 'false',
  'bSearchable_5' => 'true',
  'bSortable_5' => 'false',
  'mDataProp_6' => 'DeparName',
  'sSearch_6' => '',
  'bRegex_6' => 'false',
  'bSearchable_6' => 'true',
  'bSortable_6' => 'false',
  'mDataProp_7' => '',
  'sSearch_7' => '',
  'bRegex_7' => 'false',
  'bSearchable_7' => 'true',
  'bSortable_7' => 'false',
  'sSearch' => '',
  'bRegex' => 'false',
  'iSortCol_0' => '0',
  'sSortDir_0' => 'asc',
  'iSortingCols' => '1',
  '_' => '1490327710792',
)
[ info ] [ RUN ] app\index\controller\User->getUserByDepartID[ E:\f\phpace\application\index\controller\User.php ]
[ info ] [ SESSION ] INIT array (
  'id' => '',
  'var_session_id' => 'sss',
  'prefix' => 'think',
  'type' => '',
  'auto_start' => true,
)
[ info ] [ DB ] INIT mysql
[ info ] [ LOG ] INIT File
[ sql ] [ DB ] CONNECT:[ UseTime:0.011001s ] mysql:dbname=phpce;host=127.0.0.1;port=3306;charset=utf8
[ sql ] [ SQL ] SELECT users.UserName UserName, users.phone phone, users.moblie moblie, depart.ShortName CompanyName, depart.OrganizationName DeparName, users.Names AS Name FROM ce_department AS depart, ce_user AS users WHERE depart.ID = users.DepartmentID AND depart.IsDelete = 0 AND users.IsDelete = 0 AND depart.ID = 1  limit 10 , 10 [ RunTime:0.002000s ]
[ sql ] [ SQL ] SELECT count(0) UserSize  FROM  ce_department AS depart, ce_user AS users WHERE depart.ID = users.DepartmentID AND depart.IsDelete = 0  AND users.IsDelete = 0  AND depart.ID = 1 [ RunTime:0.001000s ]

---------------------------------------------------------------
[ 2017-03-24T12:05:31+08:00 ] 127.0.0.1 127.0.0.1 GET /phpace/public/index/User/getUserByDepartID?id=0&sEcho=4&iColumns=8&sColumns=%2C%2C%2C%2C%2C%2C%2C&iDisplayStart=20&iDisplayLength=10&mDataProp_0=&sSearch_0=&bRegex_0=false&bSearchable_0=true&bSortable_0=false&mDataProp_1=UserName&sSearch_1=&bRegex_1=false&bSearchable_1=true&bSortable_1=false&mDataProp_2=Name&sSearch_2=&bRegex_2=false&bSearchable_2=true&bSortable_2=false&mDataProp_3=phone&sSearch_3=&bRegex_3=false&bSearchable_3=true&bSortable_3=false&mDataProp_4=moblie&sSearch_4=&bRegex_4=false&bSearchable_4=true&bSortable_4=false&mDataProp_5=CompanyName&sSearch_5=&bRegex_5=false&bSearchable_5=true&bSortable_5=false&mDataProp_6=DeparName&sSearch_6=&bRegex_6=false&bSearchable_6=true&bSortable_6=false&mDataProp_7=&sSearch_7=&bRegex_7=false&bSearchable_7=true&bSortable_7=false&sSearch=&bRegex=false&iSortCol_0=0&sSortDir_0=asc&iSortingCols=1&_=1490327710793
[ log ] lnbei.com/phpace/public/index/User/getUserByDepartID?id=0&sEcho=4&iColumns=8&sColumns=%2C%2C%2C%2C%2C%2C%2C&iDisplayStart=20&iDisplayLength=10&mDataProp_0=&sSearch_0=&bRegex_0=false&bSearchable_0=true&bSortable_0=false&mDataProp_1=UserName&sSearch_1=&bRegex_1=false&bSearchable_1=true&bSortable_1=false&mDataProp_2=Name&sSearch_2=&bRegex_2=false&bSearchable_2=true&bSortable_2=false&mDataProp_3=phone&sSearch_3=&bRegex_3=false&bSearchable_3=true&bSortable_3=false&mDataProp_4=moblie&sSearch_4=&bRegex_4=false&bSearchable_4=true&bSortable_4=false&mDataProp_5=CompanyName&sSearch_5=&bRegex_5=false&bSearchable_5=true&bSortable_5=false&mDataProp_6=DeparName&sSearch_6=&bRegex_6=false&bSearchable_6=true&bSortable_6=false&mDataProp_7=&sSearch_7=&bRegex_7=false&bSearchable_7=true&bSortable_7=false&sSearch=&bRegex=false&iSortCol_0=0&sSortDir_0=asc&iSortingCols=1&_=1490327710793 [运行时间：0.099006s][吞吐率：10.10req/s] [内存消耗：2,793.05kb] [文件加载：40]
[ info ] [ LANG ] E:\f\phpace\thinkphp\lang\zh-cn.php
[ info ] [ ROUTE ] array (
  'type' => 'module',
  'module' => 
  array (
    0 => 'index',
    1 => 'User',
    2 => 'getUserByDepartID',
  ),
)
[ info ] [ HEADER ] array (
  'host' => 'lnbei.com',
  'connection' => 'keep-alive',
  'accept' => 'application/json, text/javascript, */*; q=0.01',
  'x-requested-with' => 'XMLHttpRequest',
  'user-agent' => 'Mozilla/5.0 (Windows NT 6.1; WOW64) AppleWebKit/537.36 (KHTML, like Gecko) Chrome/56.0.2924.87 Safari/537.36',
  'referer' => 'http://lnbei.com/phpace/public/',
  'accept-encoding' => 'gzip, deflate, sdch',
  'accept-language' => 'zh-CN,zh;q=0.8',
  'cookie' => 'PHPSESSID=06iftg2ulae87khgejfp82dk64',
)
[ info ] [ PARAM ] array (
  'id' => '0',
  'sEcho' => '4',
  'iColumns' => '8',
  'sColumns' => ',,,,,,,',
  'iDisplayStart' => '20',
  'iDisplayLength' => '10',
  'mDataProp_0' => '',
  'sSearch_0' => '',
  'bRegex_0' => 'false',
  'bSearchable_0' => 'true',
  'bSortable_0' => 'false',
  'mDataProp_1' => 'UserName',
  'sSearch_1' => '',
  'bRegex_1' => 'false',
  'bSearchable_1' => 'true',
  'bSortable_1' => 'false',
  'mDataProp_2' => 'Name',
  'sSearch_2' => '',
  'bRegex_2' => 'false',
  'bSearchable_2' => 'true',
  'bSortable_2' => 'false',
  'mDataProp_3' => 'phone',
  'sSearch_3' => '',
  'bRegex_3' => 'false',
  'bSearchable_3' => 'true',
  'bSortable_3' => 'false',
  'mDataProp_4' => 'moblie',
  'sSearch_4' => '',
  'bRegex_4' => 'false',
  'bSearchable_4' => 'true',
  'bSortable_4' => 'false',
  'mDataProp_5' => 'CompanyName',
  'sSearch_5' => '',
  'bRegex_5' => 'false',
  'bSearchable_5' => 'true',
  'bSortable_5' => 'false',
  'mDataProp_6' => 'DeparName',
  'sSearch_6' => '',
  'bRegex_6' => 'false',
  'bSearchable_6' => 'true',
  'bSortable_6' => 'false',
  'mDataProp_7' => '',
  'sSearch_7' => '',
  'bRegex_7' => 'false',
  'bSearchable_7' => 'true',
  'bSortable_7' => 'false',
  'sSearch' => '',
  'bRegex' => 'false',
  'iSortCol_0' => '0',
  'sSortDir_0' => 'asc',
  'iSortingCols' => '1',
  '_' => '1490327710793',
)
[ info ] [ RUN ] app\index\controller\User->getUserByDepartID[ E:\f\phpace\application\index\controller\User.php ]
[ info ] [ SESSION ] INIT array (
  'id' => '',
  'var_session_id' => 'sss',
  'prefix' => 'think',
  'type' => '',
  'auto_start' => true,
)
[ info ] [ DB ] INIT mysql
[ info ] [ LOG ] INIT File
[ sql ] [ DB ] CONNECT:[ UseTime:0.010001s ] mysql:dbname=phpce;host=127.0.0.1;port=3306;charset=utf8
[ sql ] [ SQL ] SELECT users.UserName UserName, users.phone phone, users.moblie moblie, depart.ShortName CompanyName, depart.OrganizationName DeparName, users.Names AS Name FROM ce_department AS depart, ce_user AS users WHERE depart.ID = users.DepartmentID AND depart.IsDelete = 0 AND users.IsDelete = 0 AND depart.ID = 1  limit 20 , 10 [ RunTime:0.002000s ]
[ sql ] [ SQL ] SELECT count(0) UserSize  FROM  ce_department AS depart, ce_user AS users WHERE depart.ID = users.DepartmentID AND depart.IsDelete = 0  AND users.IsDelete = 0  AND depart.ID = 1 [ RunTime:0.000000s ]

---------------------------------------------------------------
[ 2017-03-24T12:05:33+08:00 ] 127.0.0.1 127.0.0.1 GET /phpace/public/index/User/getUserByDepartID?id=0&sEcho=5&iColumns=8&sColumns=%2C%2C%2C%2C%2C%2C%2C&iDisplayStart=20&iDisplayLength=10&mDataProp_0=&sSearch_0=&bRegex_0=false&bSearchable_0=true&bSortable_0=false&mDataProp_1=UserName&sSearch_1=&bRegex_1=false&bSearchable_1=true&bSortable_1=false&mDataProp_2=Name&sSearch_2=&bRegex_2=false&bSearchable_2=true&bSortable_2=false&mDataProp_3=phone&sSearch_3=&bRegex_3=false&bSearchable_3=true&bSortable_3=false&mDataProp_4=moblie&sSearch_4=&bRegex_4=false&bSearchable_4=true&bSortable_4=false&mDataProp_5=CompanyName&sSearch_5=&bRegex_5=false&bSearchable_5=true&bSortable_5=false&mDataProp_6=DeparName&sSearch_6=&bRegex_6=false&bSearchable_6=true&bSortable_6=false&mDataProp_7=&sSearch_7=&bRegex_7=false&bSearchable_7=true&bSortable_7=false&sSearch=&bRegex=false&iSortCol_0=0&sSortDir_0=asc&iSortingCols=1&_=1490327710794
[ log ] lnbei.com/phpace/public/index/User/getUserByDepartID?id=0&sEcho=5&iColumns=8&sColumns=%2C%2C%2C%2C%2C%2C%2C&iDisplayStart=20&iDisplayLength=10&mDataProp_0=&sSearch_0=&bRegex_0=false&bSearchable_0=true&bSortable_0=false&mDataProp_1=UserName&sSearch_1=&bRegex_1=false&bSearchable_1=true&bSortable_1=false&mDataProp_2=Name&sSearch_2=&bRegex_2=false&bSearchable_2=true&bSortable_2=false&mDataProp_3=phone&sSearch_3=&bRegex_3=false&bSearchable_3=true&bSortable_3=false&mDataProp_4=moblie&sSearch_4=&bRegex_4=false&bSearchable_4=true&bSortable_4=false&mDataProp_5=CompanyName&sSearch_5=&bRegex_5=false&bSearchable_5=true&bSortable_5=false&mDataProp_6=DeparName&sSearch_6=&bRegex_6=false&bSearchable_6=true&bSortable_6=false&mDataProp_7=&sSearch_7=&bRegex_7=false&bSearchable_7=true&bSortable_7=false&sSearch=&bRegex=false&iSortCol_0=0&sSortDir_0=asc&iSortingCols=1&_=1490327710794 [运行时间：0.082004s][吞吐率：12.19req/s] [内存消耗：2,793.05kb] [文件加载：40]
[ info ] [ LANG ] E:\f\phpace\thinkphp\lang\zh-cn.php
[ info ] [ ROUTE ] array (
  'type' => 'module',
  'module' => 
  array (
    0 => 'index',
    1 => 'User',
    2 => 'getUserByDepartID',
  ),
)
[ info ] [ HEADER ] array (
  'host' => 'lnbei.com',
  'connection' => 'keep-alive',
  'accept' => 'application/json, text/javascript, */*; q=0.01',
  'x-requested-with' => 'XMLHttpRequest',
  'user-agent' => 'Mozilla/5.0 (Windows NT 6.1; WOW64) AppleWebKit/537.36 (KHTML, like Gecko) Chrome/56.0.2924.87 Safari/537.36',
  'referer' => 'http://lnbei.com/phpace/public/',
  'accept-encoding' => 'gzip, deflate, sdch',
  'accept-language' => 'zh-CN,zh;q=0.8',
  'cookie' => 'PHPSESSID=06iftg2ulae87khgejfp82dk64',
)
[ info ] [ PARAM ] array (
  'id' => '0',
  'sEcho' => '5',
  'iColumns' => '8',
  'sColumns' => ',,,,,,,',
  'iDisplayStart' => '20',
  'iDisplayLength' => '10',
  'mDataProp_0' => '',
  'sSearch_0' => '',
  'bRegex_0' => 'false',
  'bSearchable_0' => 'true',
  'bSortable_0' => 'false',
  'mDataProp_1' => 'UserName',
  'sSearch_1' => '',
  'bRegex_1' => 'false',
  'bSearchable_1' => 'true',
  'bSortable_1' => 'false',
  'mDataProp_2' => 'Name',
  'sSearch_2' => '',
  'bRegex_2' => 'false',
  'bSearchable_2' => 'true',
  'bSortable_2' => 'false',
  'mDataProp_3' => 'phone',
  'sSearch_3' => '',
  'bRegex_3' => 'false',
  'bSearchable_3' => 'true',
  'bSortable_3' => 'false',
  'mDataProp_4' => 'moblie',
  'sSearch_4' => '',
  'bRegex_4' => 'false',
  'bSearchable_4' => 'true',
  'bSortable_4' => 'false',
  'mDataProp_5' => 'CompanyName',
  'sSearch_5' => '',
  'bRegex_5' => 'false',
  'bSearchable_5' => 'true',
  'bSortable_5' => 'false',
  'mDataProp_6' => 'DeparName',
  'sSearch_6' => '',
  'bRegex_6' => 'false',
  'bSearchable_6' => 'true',
  'bSortable_6' => 'false',
  'mDataProp_7' => '',
  'sSearch_7' => '',
  'bRegex_7' => 'false',
  'bSearchable_7' => 'true',
  'bSortable_7' => 'false',
  'sSearch' => '',
  'bRegex' => 'false',
  'iSortCol_0' => '0',
  'sSortDir_0' => 'asc',
  'iSortingCols' => '1',
  '_' => '1490327710794',
)
[ info ] [ RUN ] app\index\controller\User->getUserByDepartID[ E:\f\phpace\application\index\controller\User.php ]
[ info ] [ SESSION ] INIT array (
  'id' => '',
  'var_session_id' => 'sss',
  'prefix' => 'think',
  'type' => '',
  'auto_start' => true,
)
[ info ] [ DB ] INIT mysql
[ info ] [ LOG ] INIT File
[ sql ] [ DB ] CONNECT:[ UseTime:0.001000s ] mysql:dbname=phpce;host=127.0.0.1;port=3306;charset=utf8
[ sql ] [ SQL ] SELECT users.UserName UserName, users.phone phone, users.moblie moblie, depart.ShortName CompanyName, depart.OrganizationName DeparName, users.Names AS Name FROM ce_department AS depart, ce_user AS users WHERE depart.ID = users.DepartmentID AND depart.IsDelete = 0 AND users.IsDelete = 0 AND depart.ID = 1  limit 20 , 10 [ RunTime:0.002000s ]
[ sql ] [ SQL ] SELECT count(0) UserSize  FROM  ce_department AS depart, ce_user AS users WHERE depart.ID = users.DepartmentID AND depart.IsDelete = 0  AND users.IsDelete = 0  AND depart.ID = 1 [ RunTime:0.001000s ]

---------------------------------------------------------------
[ 2017-03-24T12:05:33+08:00 ] 127.0.0.1 127.0.0.1 GET /phpace/public/index/User/getUserByDepartID?id=0&sEcho=6&iColumns=8&sColumns=%2C%2C%2C%2C%2C%2C%2C&iDisplayStart=30&iDisplayLength=10&mDataProp_0=&sSearch_0=&bRegex_0=false&bSearchable_0=true&bSortable_0=false&mDataProp_1=UserName&sSearch_1=&bRegex_1=false&bSearchable_1=true&bSortable_1=false&mDataProp_2=Name&sSearch_2=&bRegex_2=false&bSearchable_2=true&bSortable_2=false&mDataProp_3=phone&sSearch_3=&bRegex_3=false&bSearchable_3=true&bSortable_3=false&mDataProp_4=moblie&sSearch_4=&bRegex_4=false&bSearchable_4=true&bSortable_4=false&mDataProp_5=CompanyName&sSearch_5=&bRegex_5=false&bSearchable_5=true&bSortable_5=false&mDataProp_6=DeparName&sSearch_6=&bRegex_6=false&bSearchable_6=true&bSortable_6=false&mDataProp_7=&sSearch_7=&bRegex_7=false&bSearchable_7=true&bSortable_7=false&sSearch=&bRegex=false&iSortCol_0=0&sSortDir_0=asc&iSortingCols=1&_=1490327710795
[ log ] lnbei.com/phpace/public/index/User/getUserByDepartID?id=0&sEcho=6&iColumns=8&sColumns=%2C%2C%2C%2C%2C%2C%2C&iDisplayStart=30&iDisplayLength=10&mDataProp_0=&sSearch_0=&bRegex_0=false&bSearchable_0=true&bSortable_0=false&mDataProp_1=UserName&sSearch_1=&bRegex_1=false&bSearchable_1=true&bSortable_1=false&mDataProp_2=Name&sSearch_2=&bRegex_2=false&bSearchable_2=true&bSortable_2=false&mDataProp_3=phone&sSearch_3=&bRegex_3=false&bSearchable_3=true&bSortable_3=false&mDataProp_4=moblie&sSearch_4=&bRegex_4=false&bSearchable_4=true&bSortable_4=false&mDataProp_5=CompanyName&sSearch_5=&bRegex_5=false&bSearchable_5=true&bSortable_5=false&mDataProp_6=DeparName&sSearch_6=&bRegex_6=false&bSearchable_6=true&bSortable_6=false&mDataProp_7=&sSearch_7=&bRegex_7=false&bSearchable_7=true&bSortable_7=false&sSearch=&bRegex=false&iSortCol_0=0&sSortDir_0=asc&iSortingCols=1&_=1490327710795 [运行时间：0.112006s][吞吐率：8.93req/s] [内存消耗：2,793.05kb] [文件加载：40]
[ info ] [ LANG ] E:\f\phpace\thinkphp\lang\zh-cn.php
[ info ] [ ROUTE ] array (
  'type' => 'module',
  'module' => 
  array (
    0 => 'index',
    1 => 'User',
    2 => 'getUserByDepartID',
  ),
)
[ info ] [ HEADER ] array (
  'host' => 'lnbei.com',
  'connection' => 'keep-alive',
  'accept' => 'application/json, text/javascript, */*; q=0.01',
  'x-requested-with' => 'XMLHttpRequest',
  'user-agent' => 'Mozilla/5.0 (Windows NT 6.1; WOW64) AppleWebKit/537.36 (KHTML, like Gecko) Chrome/56.0.2924.87 Safari/537.36',
  'referer' => 'http://lnbei.com/phpace/public/',
  'accept-encoding' => 'gzip, deflate, sdch',
  'accept-language' => 'zh-CN,zh;q=0.8',
  'cookie' => 'PHPSESSID=06iftg2ulae87khgejfp82dk64',
)
[ info ] [ PARAM ] array (
  'id' => '0',
  'sEcho' => '6',
  'iColumns' => '8',
  'sColumns' => ',,,,,,,',
  'iDisplayStart' => '30',
  'iDisplayLength' => '10',
  'mDataProp_0' => '',
  'sSearch_0' => '',
  'bRegex_0' => 'false',
  'bSearchable_0' => 'true',
  'bSortable_0' => 'false',
  'mDataProp_1' => 'UserName',
  'sSearch_1' => '',
  'bRegex_1' => 'false',
  'bSearchable_1' => 'true',
  'bSortable_1' => 'false',
  'mDataProp_2' => 'Name',
  'sSearch_2' => '',
  'bRegex_2' => 'false',
  'bSearchable_2' => 'true',
  'bSortable_2' => 'false',
  'mDataProp_3' => 'phone',
  'sSearch_3' => '',
  'bRegex_3' => 'false',
  'bSearchable_3' => 'true',
  'bSortable_3' => 'false',
  'mDataProp_4' => 'moblie',
  'sSearch_4' => '',
  'bRegex_4' => 'false',
  'bSearchable_4' => 'true',
  'bSortable_4' => 'false',
  'mDataProp_5' => 'CompanyName',
  'sSearch_5' => '',
  'bRegex_5' => 'false',
  'bSearchable_5' => 'true',
  'bSortable_5' => 'false',
  'mDataProp_6' => 'DeparName',
  'sSearch_6' => '',
  'bRegex_6' => 'false',
  'bSearchable_6' => 'true',
  'bSortable_6' => 'false',
  'mDataProp_7' => '',
  'sSearch_7' => '',
  'bRegex_7' => 'false',
  'bSearchable_7' => 'true',
  'bSortable_7' => 'false',
  'sSearch' => '',
  'bRegex' => 'false',
  'iSortCol_0' => '0',
  'sSortDir_0' => 'asc',
  'iSortingCols' => '1',
  '_' => '1490327710795',
)
[ info ] [ RUN ] app\index\controller\User->getUserByDepartID[ E:\f\phpace\application\index\controller\User.php ]
[ info ] [ SESSION ] INIT array (
  'id' => '',
  'var_session_id' => 'sss',
  'prefix' => 'think',
  'type' => '',
  'auto_start' => true,
)
[ info ] [ DB ] INIT mysql
[ info ] [ LOG ] INIT File
[ sql ] [ DB ] CONNECT:[ UseTime:0.010001s ] mysql:dbname=phpce;host=127.0.0.1;port=3306;charset=utf8
[ sql ] [ SQL ] SELECT users.UserName UserName, users.phone phone, users.moblie moblie, depart.ShortName CompanyName, depart.OrganizationName DeparName, users.Names AS Name FROM ce_department AS depart, ce_user AS users WHERE depart.ID = users.DepartmentID AND depart.IsDelete = 0 AND users.IsDelete = 0 AND depart.ID = 1  limit 30 , 10 [ RunTime:0.001000s ]
[ sql ] [ SQL ] SELECT count(0) UserSize  FROM  ce_department AS depart, ce_user AS users WHERE depart.ID = users.DepartmentID AND depart.IsDelete = 0  AND users.IsDelete = 0  AND depart.ID = 1 [ RunTime:0.001000s ]

---------------------------------------------------------------
[ 2017-03-24T12:05:37+08:00 ] 127.0.0.1 127.0.0.1 GET /phpace/public/index/User/getUserByDepartID?id=0&sEcho=7&iColumns=8&sColumns=%2C%2C%2C%2C%2C%2C%2C&iDisplayStart=10&iDisplayLength=10&mDataProp_0=&sSearch_0=&bRegex_0=false&bSearchable_0=true&bSortable_0=false&mDataProp_1=UserName&sSearch_1=&bRegex_1=false&bSearchable_1=true&bSortable_1=false&mDataProp_2=Name&sSearch_2=&bRegex_2=false&bSearchable_2=true&bSortable_2=false&mDataProp_3=phone&sSearch_3=&bRegex_3=false&bSearchable_3=true&bSortable_3=false&mDataProp_4=moblie&sSearch_4=&bRegex_4=false&bSearchable_4=true&bSortable_4=false&mDataProp_5=CompanyName&sSearch_5=&bRegex_5=false&bSearchable_5=true&bSortable_5=false&mDataProp_6=DeparName&sSearch_6=&bRegex_6=false&bSearchable_6=true&bSortable_6=false&mDataProp_7=&sSearch_7=&bRegex_7=false&bSearchable_7=true&bSortable_7=false&sSearch=&bRegex=false&iSortCol_0=0&sSortDir_0=asc&iSortingCols=1&_=1490327710796
[ log ] lnbei.com/phpace/public/index/User/getUserByDepartID?id=0&sEcho=7&iColumns=8&sColumns=%2C%2C%2C%2C%2C%2C%2C&iDisplayStart=10&iDisplayLength=10&mDataProp_0=&sSearch_0=&bRegex_0=false&bSearchable_0=true&bSortable_0=false&mDataProp_1=UserName&sSearch_1=&bRegex_1=false&bSearchable_1=true&bSortable_1=false&mDataProp_2=Name&sSearch_2=&bRegex_2=false&bSearchable_2=true&bSortable_2=false&mDataProp_3=phone&sSearch_3=&bRegex_3=false&bSearchable_3=true&bSortable_3=false&mDataProp_4=moblie&sSearch_4=&bRegex_4=false&bSearchable_4=true&bSortable_4=false&mDataProp_5=CompanyName&sSearch_5=&bRegex_5=false&bSearchable_5=true&bSortable_5=false&mDataProp_6=DeparName&sSearch_6=&bRegex_6=false&bSearchable_6=true&bSortable_6=false&mDataProp_7=&sSearch_7=&bRegex_7=false&bSearchable_7=true&bSortable_7=false&sSearch=&bRegex=false&iSortCol_0=0&sSortDir_0=asc&iSortingCols=1&_=1490327710796 [运行时间：0.106006s][吞吐率：9.43req/s] [内存消耗：2,793.05kb] [文件加载：40]
[ info ] [ LANG ] E:\f\phpace\thinkphp\lang\zh-cn.php
[ info ] [ ROUTE ] array (
  'type' => 'module',
  'module' => 
  array (
    0 => 'index',
    1 => 'User',
    2 => 'getUserByDepartID',
  ),
)
[ info ] [ HEADER ] array (
  'host' => 'lnbei.com',
  'connection' => 'keep-alive',
  'accept' => 'application/json, text/javascript, */*; q=0.01',
  'x-requested-with' => 'XMLHttpRequest',
  'user-agent' => 'Mozilla/5.0 (Windows NT 6.1; WOW64) AppleWebKit/537.36 (KHTML, like Gecko) Chrome/56.0.2924.87 Safari/537.36',
  'referer' => 'http://lnbei.com/phpace/public/',
  'accept-encoding' => 'gzip, deflate, sdch',
  'accept-language' => 'zh-CN,zh;q=0.8',
  'cookie' => 'PHPSESSID=06iftg2ulae87khgejfp82dk64',
)
[ info ] [ PARAM ] array (
  'id' => '0',
  'sEcho' => '7',
  'iColumns' => '8',
  'sColumns' => ',,,,,,,',
  'iDisplayStart' => '10',
  'iDisplayLength' => '10',
  'mDataProp_0' => '',
  'sSearch_0' => '',
  'bRegex_0' => 'false',
  'bSearchable_0' => 'true',
  'bSortable_0' => 'false',
  'mDataProp_1' => 'UserName',
  'sSearch_1' => '',
  'bRegex_1' => 'false',
  'bSearchable_1' => 'true',
  'bSortable_1' => 'false',
  'mDataProp_2' => 'Name',
  'sSearch_2' => '',
  'bRegex_2' => 'false',
  'bSearchable_2' => 'true',
  'bSortable_2' => 'false',
  'mDataProp_3' => 'phone',
  'sSearch_3' => '',
  'bRegex_3' => 'false',
  'bSearchable_3' => 'true',
  'bSortable_3' => 'false',
  'mDataProp_4' => 'moblie',
  'sSearch_4' => '',
  'bRegex_4' => 'false',
  'bSearchable_4' => 'true',
  'bSortable_4' => 'false',
  'mDataProp_5' => 'CompanyName',
  'sSearch_5' => '',
  'bRegex_5' => 'false',
  'bSearchable_5' => 'true',
  'bSortable_5' => 'false',
  'mDataProp_6' => 'DeparName',
  'sSearch_6' => '',
  'bRegex_6' => 'false',
  'bSearchable_6' => 'true',
  'bSortable_6' => 'false',
  'mDataProp_7' => '',
  'sSearch_7' => '',
  'bRegex_7' => 'false',
  'bSearchable_7' => 'true',
  'bSortable_7' => 'false',
  'sSearch' => '',
  'bRegex' => 'false',
  'iSortCol_0' => '0',
  'sSortDir_0' => 'asc',
  'iSortingCols' => '1',
  '_' => '1490327710796',
)
[ info ] [ RUN ] app\index\controller\User->getUserByDepartID[ E:\f\phpace\application\index\controller\User.php ]
[ info ] [ SESSION ] INIT array (
  'id' => '',
  'var_session_id' => 'sss',
  'prefix' => 'think',
  'type' => '',
  'auto_start' => true,
)
[ info ] [ DB ] INIT mysql
[ info ] [ LOG ] INIT File
[ sql ] [ DB ] CONNECT:[ UseTime:0.011001s ] mysql:dbname=phpce;host=127.0.0.1;port=3306;charset=utf8
[ sql ] [ SQL ] SELECT users.UserName UserName, users.phone phone, users.moblie moblie, depart.ShortName CompanyName, depart.OrganizationName DeparName, users.Names AS Name FROM ce_department AS depart, ce_user AS users WHERE depart.ID = users.DepartmentID AND depart.IsDelete = 0 AND users.IsDelete = 0 AND depart.ID = 1  limit 10 , 10 [ RunTime:0.002000s ]
[ sql ] [ SQL ] SELECT count(0) UserSize  FROM  ce_department AS depart, ce_user AS users WHERE depart.ID = users.DepartmentID AND depart.IsDelete = 0  AND users.IsDelete = 0  AND depart.ID = 1 [ RunTime:0.001000s ]

---------------------------------------------------------------
[ 2017-03-24T12:05:39+08:00 ] 127.0.0.1 127.0.0.1 GET /phpace/public/index/User/getUserByDepartID?id=0&sEcho=8&iColumns=8&sColumns=%2C%2C%2C%2C%2C%2C%2C&iDisplayStart=20&iDisplayLength=10&mDataProp_0=&sSearch_0=&bRegex_0=false&bSearchable_0=true&bSortable_0=false&mDataProp_1=UserName&sSearch_1=&bRegex_1=false&bSearchable_1=true&bSortable_1=false&mDataProp_2=Name&sSearch_2=&bRegex_2=false&bSearchable_2=true&bSortable_2=false&mDataProp_3=phone&sSearch_3=&bRegex_3=false&bSearchable_3=true&bSortable_3=false&mDataProp_4=moblie&sSearch_4=&bRegex_4=false&bSearchable_4=true&bSortable_4=false&mDataProp_5=CompanyName&sSearch_5=&bRegex_5=false&bSearchable_5=true&bSortable_5=false&mDataProp_6=DeparName&sSearch_6=&bRegex_6=false&bSearchable_6=true&bSortable_6=false&mDataProp_7=&sSearch_7=&bRegex_7=false&bSearchable_7=true&bSortable_7=false&sSearch=&bRegex=false&iSortCol_0=0&sSortDir_0=asc&iSortingCols=1&_=1490327710797
[ log ] lnbei.com/phpace/public/index/User/getUserByDepartID?id=0&sEcho=8&iColumns=8&sColumns=%2C%2C%2C%2C%2C%2C%2C&iDisplayStart=20&iDisplayLength=10&mDataProp_0=&sSearch_0=&bRegex_0=false&bSearchable_0=true&bSortable_0=false&mDataProp_1=UserName&sSearch_1=&bRegex_1=false&bSearchable_1=true&bSortable_1=false&mDataProp_2=Name&sSearch_2=&bRegex_2=false&bSearchable_2=true&bSortable_2=false&mDataProp_3=phone&sSearch_3=&bRegex_3=false&bSearchable_3=true&bSortable_3=false&mDataProp_4=moblie&sSearch_4=&bRegex_4=false&bSearchable_4=true&bSortable_4=false&mDataProp_5=CompanyName&sSearch_5=&bRegex_5=false&bSearchable_5=true&bSortable_5=false&mDataProp_6=DeparName&sSearch_6=&bRegex_6=false&bSearchable_6=true&bSortable_6=false&mDataProp_7=&sSearch_7=&bRegex_7=false&bSearchable_7=true&bSortable_7=false&sSearch=&bRegex=false&iSortCol_0=0&sSortDir_0=asc&iSortingCols=1&_=1490327710797 [运行时间：0.101005s][吞吐率：9.90req/s] [内存消耗：2,793.05kb] [文件加载：40]
[ info ] [ LANG ] E:\f\phpace\thinkphp\lang\zh-cn.php
[ info ] [ ROUTE ] array (
  'type' => 'module',
  'module' => 
  array (
    0 => 'index',
    1 => 'User',
    2 => 'getUserByDepartID',
  ),
)
[ info ] [ HEADER ] array (
  'host' => 'lnbei.com',
  'connection' => 'keep-alive',
  'accept' => 'application/json, text/javascript, */*; q=0.01',
  'x-requested-with' => 'XMLHttpRequest',
  'user-agent' => 'Mozilla/5.0 (Windows NT 6.1; WOW64) AppleWebKit/537.36 (KHTML, like Gecko) Chrome/56.0.2924.87 Safari/537.36',
  'referer' => 'http://lnbei.com/phpace/public/',
  'accept-encoding' => 'gzip, deflate, sdch',
  'accept-language' => 'zh-CN,zh;q=0.8',
  'cookie' => 'PHPSESSID=06iftg2ulae87khgejfp82dk64',
)
[ info ] [ PARAM ] array (
  'id' => '0',
  'sEcho' => '8',
  'iColumns' => '8',
  'sColumns' => ',,,,,,,',
  'iDisplayStart' => '20',
  'iDisplayLength' => '10',
  'mDataProp_0' => '',
  'sSearch_0' => '',
  'bRegex_0' => 'false',
  'bSearchable_0' => 'true',
  'bSortable_0' => 'false',
  'mDataProp_1' => 'UserName',
  'sSearch_1' => '',
  'bRegex_1' => 'false',
  'bSearchable_1' => 'true',
  'bSortable_1' => 'false',
  'mDataProp_2' => 'Name',
  'sSearch_2' => '',
  'bRegex_2' => 'false',
  'bSearchable_2' => 'true',
  'bSortable_2' => 'false',
  'mDataProp_3' => 'phone',
  'sSearch_3' => '',
  'bRegex_3' => 'false',
  'bSearchable_3' => 'true',
  'bSortable_3' => 'false',
  'mDataProp_4' => 'moblie',
  'sSearch_4' => '',
  'bRegex_4' => 'false',
  'bSearchable_4' => 'true',
  'bSortable_4' => 'false',
  'mDataProp_5' => 'CompanyName',
  'sSearch_5' => '',
  'bRegex_5' => 'false',
  'bSearchable_5' => 'true',
  'bSortable_5' => 'false',
  'mDataProp_6' => 'DeparName',
  'sSearch_6' => '',
  'bRegex_6' => 'false',
  'bSearchable_6' => 'true',
  'bSortable_6' => 'false',
  'mDataProp_7' => '',
  'sSearch_7' => '',
  'bRegex_7' => 'false',
  'bSearchable_7' => 'true',
  'bSortable_7' => 'false',
  'sSearch' => '',
  'bRegex' => 'false',
  'iSortCol_0' => '0',
  'sSortDir_0' => 'asc',
  'iSortingCols' => '1',
  '_' => '1490327710797',
)
[ info ] [ RUN ] app\index\controller\User->getUserByDepartID[ E:\f\phpace\application\index\controller\User.php ]
[ info ] [ SESSION ] INIT array (
  'id' => '',
  'var_session_id' => 'sss',
  'prefix' => 'think',
  'type' => '',
  'auto_start' => true,
)
[ info ] [ DB ] INIT mysql
[ info ] [ LOG ] INIT File
[ sql ] [ DB ] CONNECT:[ UseTime:0.010001s ] mysql:dbname=phpce;host=127.0.0.1;port=3306;charset=utf8
[ sql ] [ SQL ] SELECT users.UserName UserName, users.phone phone, users.moblie moblie, depart.ShortName CompanyName, depart.OrganizationName DeparName, users.Names AS Name FROM ce_department AS depart, ce_user AS users WHERE depart.ID = users.DepartmentID AND depart.IsDelete = 0 AND users.IsDelete = 0 AND depart.ID = 1  limit 20 , 10 [ RunTime:0.002000s ]
[ sql ] [ SQL ] SELECT count(0) UserSize  FROM  ce_department AS depart, ce_user AS users WHERE depart.ID = users.DepartmentID AND depart.IsDelete = 0  AND users.IsDelete = 0  AND depart.ID = 1 [ RunTime:0.001000s ]

---------------------------------------------------------------
[ 2017-03-24T12:05:45+08:00 ] 127.0.0.1 127.0.0.1 GET /phpace/public//index/Menu/index/
[ log ] lnbei.com/phpace/public//index/Menu/index/ [运行时间：0.090005s][吞吐率：11.11req/s] [内存消耗：2,530.64kb] [文件加载：46]
[ info ] [ LANG ] E:\f\phpace\thinkphp\lang\zh-cn.php
[ info ] [ ROUTE ] array (
  'type' => 'module',
  'module' => 
  array (
    0 => 'index',
    1 => 'Menu',
    2 => 'index',
  ),
)
[ info ] [ HEADER ] array (
  'host' => 'lnbei.com',
  'connection' => 'keep-alive',
  'accept' => '*/*',
  'x-requested-with' => 'XMLHttpRequest',
  'user-agent' => 'Mozilla/5.0 (Windows NT 6.1; WOW64) AppleWebKit/537.36 (KHTML, like Gecko) Chrome/56.0.2924.87 Safari/537.36',
  'referer' => 'http://lnbei.com/phpace/public/',
  'accept-encoding' => 'gzip, deflate, sdch',
  'accept-language' => 'zh-CN,zh;q=0.8',
  'cookie' => 'PHPSESSID=06iftg2ulae87khgejfp82dk64',
)
[ info ] [ PARAM ] array (
)
[ info ] [ RUN ] app\index\controller\Menu->index[ E:\f\phpace\application\index\controller\Menu.php ]
[ info ] [ SESSION ] INIT array (
  'id' => '',
  'var_session_id' => 'sss',
  'prefix' => 'think',
  'type' => '',
  'auto_start' => true,
)
[ info ] [ DB ] INIT mysql
[ info ] [ VIEW ] E:\f\phpace\public/../application/index\view\menu\menu.html [ array (
  0 => 'menuhtml',
) ]
[ info ] [ LOG ] INIT File
[ sql ] [ DB ] CONNECT:[ UseTime:0.010001s ] mysql:dbname=phpce;host=127.0.0.1;port=3306;charset=utf8
[ sql ] [ SQL ] SELECT DISTINCT 	menu.MenuID AS menuID, 	menu.MenuName AS MenuName, 	menu.ParentID AS ParentID, 	menu.Flag AS Flag, 	menu.URL AS URL FROM 	ce_menu AS menu, 	ce_menu_role AS menu_role WHERE 	menu.MenuID = menu_role.MenuID AND menu_role.IsDelete = 0 AND menu.IsDelete =0 AND menu.Flag =0 AND menu_role.RoleID =1 Order by menu.MenuID ASC [ RunTime:0.005000s ]
[ error ] [8]未定义数组下标: 4[E:\f\phpace\extend\lib\html\BuildMenuHtml.php:34]
[ error ] [8]未定义数组下标: 5[E:\f\phpace\extend\lib\html\BuildMenuHtml.php:34]
[ error ] [8]未定义数组下标: 6[E:\f\phpace\extend\lib\html\BuildMenuHtml.php:34]
[ error ] [8]未定义数组下标: 7[E:\f\phpace\extend\lib\html\BuildMenuHtml.php:34]
[ error ] [8]未定义数组下标: 9[E:\f\phpace\extend\lib\html\BuildMenuHtml.php:34]
[ error ] [8]未定义数组下标: 10[E:\f\phpace\extend\lib\html\BuildMenuHtml.php:34]
[ error ] [8]未定义数组下标: 11[E:\f\phpace\extend\lib\html\BuildMenuHtml.php:34]
[ error ] [8]未定义数组下标: 12[E:\f\phpace\extend\lib\html\BuildMenuHtml.php:34]
[ error ] [8]未定义数组下标: 13[E:\f\phpace\extend\lib\html\BuildMenuHtml.php:34]
[ error ] [8]未定义数组下标: 14[E:\f\phpace\extend\lib\html\BuildMenuHtml.php:34]
[ error ] [8]未定义数组下标: 17[E:\f\phpace\extend\lib\html\BuildMenuHtml.php:34]
[ error ] [8]未定义数组下标: 15[E:\f\phpace\extend\lib\html\BuildMenuHtml.php:34]
[ error ] [8]未定义数组下标: 19[E:\f\phpace\extend\lib\html\BuildMenuHtml.php:34]

---------------------------------------------------------------
[ 2017-03-24T17:46:25+08:00 ] 127.0.0.1 127.0.0.1 GET /phpace/public/index/User/getUserByDepartID?id=0&sEcho=9&iColumns=8&sColumns=%2C%2C%2C%2C%2C%2C%2C&iDisplayStart=0&iDisplayLength=10&mDataProp_0=&sSearch_0=&bRegex_0=false&bSearchable_0=true&bSortable_0=false&mDataProp_1=UserName&sSearch_1=&bRegex_1=false&bSearchable_1=true&bSortable_1=false&mDataProp_2=Name&sSearch_2=&bRegex_2=false&bSearchable_2=true&bSortable_2=false&mDataProp_3=phone&sSearch_3=&bRegex_3=false&bSearchable_3=true&bSortable_3=false&mDataProp_4=moblie&sSearch_4=&bRegex_4=false&bSearchable_4=true&bSortable_4=false&mDataProp_5=CompanyName&sSearch_5=&bRegex_5=false&bSearchable_5=true&bSortable_5=false&mDataProp_6=DeparName&sSearch_6=&bRegex_6=false&bSearchable_6=true&bSortable_6=false&mDataProp_7=&sSearch_7=&bRegex_7=false&bSearchable_7=true&bSortable_7=false&sSearch=&bRegex=false&iSortCol_0=0&sSortDir_0=asc&iSortingCols=1&_=1490327710798
[ log ] lnbei.com/phpace/public/index/User/getUserByDepartID?id=0&sEcho=9&iColumns=8&sColumns=%2C%2C%2C%2C%2C%2C%2C&iDisplayStart=0&iDisplayLength=10&mDataProp_0=&sSearch_0=&bRegex_0=false&bSearchable_0=true&bSortable_0=false&mDataProp_1=UserName&sSearch_1=&bRegex_1=false&bSearchable_1=true&bSortable_1=false&mDataProp_2=Name&sSearch_2=&bRegex_2=false&bSearchable_2=true&bSortable_2=false&mDataProp_3=phone&sSearch_3=&bRegex_3=false&bSearchable_3=true&bSortable_3=false&mDataProp_4=moblie&sSearch_4=&bRegex_4=false&bSearchable_4=true&bSortable_4=false&mDataProp_5=CompanyName&sSearch_5=&bRegex_5=false&bSearchable_5=true&bSortable_5=false&mDataProp_6=DeparName&sSearch_6=&bRegex_6=false&bSearchable_6=true&bSortable_6=false&mDataProp_7=&sSearch_7=&bRegex_7=false&bSearchable_7=true&bSortable_7=false&sSearch=&bRegex=false&iSortCol_0=0&sSortDir_0=asc&iSortingCols=1&_=1490327710798 [运行时间：0.126007s][吞吐率：7.94req/s] [内存消耗：2,793.05kb] [文件加载：40]
[ info ] [ LANG ] E:\f\phpace\thinkphp\lang\zh-cn.php
[ info ] [ ROUTE ] array (
  'type' => 'module',
  'module' => 
  array (
    0 => 'index',
    1 => 'User',
    2 => 'getUserByDepartID',
  ),
)
[ info ] [ HEADER ] array (
  'host' => 'lnbei.com',
  'connection' => 'keep-alive',
  'accept' => 'application/json, text/javascript, */*; q=0.01',
  'x-requested-with' => 'XMLHttpRequest',
  'user-agent' => 'Mozilla/5.0 (Windows NT 6.1; WOW64) AppleWebKit/537.36 (KHTML, like Gecko) Chrome/56.0.2924.87 Safari/537.36',
  'referer' => 'http://lnbei.com/phpace/public/',
  'accept-encoding' => 'gzip, deflate, sdch',
  'accept-language' => 'zh-CN,zh;q=0.8',
  'cookie' => 'PHPSESSID=06iftg2ulae87khgejfp82dk64',
)
[ info ] [ PARAM ] array (
  'id' => '0',
  'sEcho' => '9',
  'iColumns' => '8',
  'sColumns' => ',,,,,,,',
  'iDisplayStart' => '0',
  'iDisplayLength' => '10',
  'mDataProp_0' => '',
  'sSearch_0' => '',
  'bRegex_0' => 'false',
  'bSearchable_0' => 'true',
  'bSortable_0' => 'false',
  'mDataProp_1' => 'UserName',
  'sSearch_1' => '',
  'bRegex_1' => 'false',
  'bSearchable_1' => 'true',
  'bSortable_1' => 'false',
  'mDataProp_2' => 'Name',
  'sSearch_2' => '',
  'bRegex_2' => 'false',
  'bSearchable_2' => 'true',
  'bSortable_2' => 'false',
  'mDataProp_3' => 'phone',
  'sSearch_3' => '',
  'bRegex_3' => 'false',
  'bSearchable_3' => 'true',
  'bSortable_3' => 'false',
  'mDataProp_4' => 'moblie',
  'sSearch_4' => '',
  'bRegex_4' => 'false',
  'bSearchable_4' => 'true',
  'bSortable_4' => 'false',
  'mDataProp_5' => 'CompanyName',
  'sSearch_5' => '',
  'bRegex_5' => 'false',
  'bSearchable_5' => 'true',
  'bSortable_5' => 'false',
  'mDataProp_6' => 'DeparName',
  'sSearch_6' => '',
  'bRegex_6' => 'false',
  'bSearchable_6' => 'true',
  'bSortable_6' => 'false',
  'mDataProp_7' => '',
  'sSearch_7' => '',
  'bRegex_7' => 'false',
  'bSearchable_7' => 'true',
  'bSortable_7' => 'false',
  'sSearch' => '',
  'bRegex' => 'false',
  'iSortCol_0' => '0',
  'sSortDir_0' => 'asc',
  'iSortingCols' => '1',
  '_' => '1490327710798',
)
[ info ] [ RUN ] app\index\controller\User->getUserByDepartID[ E:\f\phpace\application\index\controller\User.php ]
[ info ] [ SESSION ] INIT array (
  'id' => '',
  'var_session_id' => 'sss',
  'prefix' => 'think',
  'type' => '',
  'auto_start' => true,
)
[ info ] [ DB ] INIT mysql
[ info ] [ LOG ] INIT File
[ sql ] [ DB ] CONNECT:[ UseTime:0.011000s ] mysql:dbname=phpce;host=127.0.0.1;port=3306;charset=utf8
[ sql ] [ SQL ] SELECT users.UserName UserName, users.phone phone, users.moblie moblie, depart.ShortName CompanyName, depart.OrganizationName DeparName, users.Names AS Name FROM ce_department AS depart, ce_user AS users WHERE depart.ID = users.DepartmentID AND depart.IsDelete = 0 AND users.IsDelete = 0 AND depart.ID = 1  limit 0 , 10 [ RunTime:0.002000s ]
[ sql ] [ SQL ] SELECT count(0) UserSize  FROM  ce_department AS depart, ce_user AS users WHERE depart.ID = users.DepartmentID AND depart.IsDelete = 0  AND users.IsDelete = 0  AND depart.ID = 1 [ RunTime:0.002000s ]

---------------------------------------------------------------
