[ 2017-03-28T09:27:41+08:00 ] 127.0.0.1 127.0.0.1 GET /phpace/public/
[ log ] lnbei.com/phpace/public/ [运行时间：0.114006s][吞吐率：8.77req/s] [内存消耗：1,843.06kb] [文件加载：38]
[ info ] [ LANG ] E:\f\phpace\thinkphp\lang\zh-cn.php
[ info ] [ ROUTE ] array (
  'type' => 'module',
  'module' => 
  array (
    0 => '',
    1 => NULL,
    2 => NULL,
  ),
)
[ info ] [ HEADER ] array (
  'host' => 'lnbei.com',
  'connection' => 'keep-alive',
  'upgrade-insecure-requests' => '1',
  'user-agent' => 'Mozilla/5.0 (Windows NT 6.1; WOW64) AppleWebKit/537.36 (KHTML, like Gecko) Chrome/56.0.2924.87 Safari/537.36',
  'accept' => 'text/html,application/xhtml+xml,application/xml;q=0.9,image/webp,*/*;q=0.8',
  'accept-encoding' => 'gzip, deflate, sdch',
  'accept-language' => 'zh-CN,zh;q=0.8',
)
[ info ] [ PARAM ] array (
)
[ info ] [ RUN ] app\index\controller\Index->index[ E:\f\phpace\application\index\controller\Index.php ]
[ info ] [ SESSION ] INIT array (
  'id' => '',
  'var_session_id' => 'sss',
  'prefix' => 'think',
  'type' => '',
  'auto_start' => true,
)
[ info ] [ VIEW ] E:\f\phpace\public/../application/index\view\Login\login.html [ array (
) ]
[ info ] [ LOG ] INIT File

---------------------------------------------------------------
[ 2017-03-28T09:27:51+08:00 ] 127.0.0.1 127.0.0.1 POST /phpace/public/index/Login
[ log ] lnbei.com/phpace/public/index/Login [运行时间：0.106007s][吞吐率：9.43req/s] [内存消耗：3,229.20kb] [文件加载：46]
[ info ] [ LANG ] E:\f\phpace\thinkphp\lang\zh-cn.php
[ info ] [ ROUTE ] array (
  'type' => 'module',
  'module' => 
  array (
    0 => 'index',
    1 => 'Login',
    2 => NULL,
  ),
)
[ info ] [ HEADER ] array (
  'host' => 'lnbei.com',
  'connection' => 'keep-alive',
  'accept' => 'application/json, text/javascript, */*; q=0.01',
  'origin' => 'http://lnbei.com',
  'x-requested-with' => 'XMLHttpRequest',
  'user-agent' => 'Mozilla/5.0 (Windows NT 6.1; WOW64) AppleWebKit/537.36 (KHTML, like Gecko) Chrome/56.0.2924.87 Safari/537.36',
  'content-type' => 'application/x-www-form-urlencoded; charset=UTF-8',
  'referer' => 'http://lnbei.com/phpace/public/',
  'accept-encoding' => 'gzip, deflate',
  'accept-language' => 'zh-CN,zh;q=0.8',
  'cookie' => 'PHPSESSID=hvc7qp4tcqjgo4ojuj39j6kq84',
  'content-length' => '13',
)
[ info ] [ PARAM ] array (
  'data' => 'chen-123',
)
[ info ] [ RUN ] app\index\controller\Login->index[ E:\f\phpace\application\index\controller\Login.php ]
[ info ] [ DB ] INIT mysql
[ info ] [ SESSION ] INIT array (
  'id' => '',
  'var_session_id' => 'sss',
  'prefix' => 'think',
  'type' => '',
  'auto_start' => true,
)
[ info ] [ LOG ] INIT File
[ sql ] [ DB ] CONNECT:[ UseTime:0.002000s ] mysql:dbname=phpce;host=127.0.0.1;port=3306;charset=utf8
[ sql ] [ SQL ] SHOW COLUMNS FROM `ce_user` [ RunTime:0.026001s ]
[ sql ] [ SQL ] SELECT * FROM `ce_user` WHERE  `UserName` = 'chen' LIMIT 1 [ RunTime:0.009000s ]

---------------------------------------------------------------
[ 2017-03-28T09:27:51+08:00 ] 127.0.0.1 127.0.0.1 GET /phpace/public/
[ log ] lnbei.com/phpace/public/ [运行时间：0.095006s][吞吐率：10.53req/s] [内存消耗：2,614.91kb] [文件加载：48]
[ info ] [ LANG ] E:\f\phpace\thinkphp\lang\zh-cn.php
[ info ] [ ROUTE ] array (
  'type' => 'module',
  'module' => 
  array (
    0 => '',
    1 => NULL,
    2 => NULL,
  ),
)
[ info ] [ HEADER ] array (
  'host' => 'lnbei.com',
  'connection' => 'keep-alive',
  'upgrade-insecure-requests' => '1',
  'user-agent' => 'Mozilla/5.0 (Windows NT 6.1; WOW64) AppleWebKit/537.36 (KHTML, like Gecko) Chrome/56.0.2924.87 Safari/537.36',
  'accept' => 'text/html,application/xhtml+xml,application/xml;q=0.9,image/webp,*/*;q=0.8',
  'referer' => 'http://lnbei.com/phpace/public/',
  'accept-encoding' => 'gzip, deflate, sdch',
  'accept-language' => 'zh-CN,zh;q=0.8',
  'cookie' => 'PHPSESSID=hvc7qp4tcqjgo4ojuj39j6kq84',
)
[ info ] [ PARAM ] array (
)
[ info ] [ RUN ] app\index\controller\Index->index[ E:\f\phpace\application\index\controller\Index.php ]
[ info ] [ SESSION ] INIT array (
  'id' => '',
  'var_session_id' => 'sss',
  'prefix' => 'think',
  'type' => '',
  'auto_start' => true,
)
[ info ] [ DB ] INIT mysql
[ info ] [ VIEW ] E:\f\phpace\public/../application/index\view\index\index.html [ array (
  0 => 'menuhtml',
) ]
[ info ] [ LOG ] INIT File
[ sql ] [ DB ] CONNECT:[ UseTime:0.001000s ] mysql:dbname=phpce;host=127.0.0.1;port=3306;charset=utf8
[ sql ] [ SQL ] SELECT DISTINCT 	menu.MenuID AS menuID, 	menu.MenuName AS MenuName, 	menu.ParentID AS ParentID, 	menu.Flag AS Flag, 	menu.URL AS URL FROM 	ce_menu AS menu, 	ce_menu_role AS menu_role WHERE 	menu.MenuID = menu_role.MenuID AND menu_role.IsDelete = 0 AND menu.IsDelete =0 AND menu.Flag =0 AND menu_role.RoleID =1 Order by menu.MenuID ASC [ RunTime:0.017001s ]
[ error ] [8]未定义数组下标: 4[E:\f\phpace\extend\lib\html\BuildMenuHtml.php:34]
[ error ] [8]未定义数组下标: 5[E:\f\phpace\extend\lib\html\BuildMenuHtml.php:34]
[ error ] [8]未定义数组下标: 6[E:\f\phpace\extend\lib\html\BuildMenuHtml.php:34]
[ error ] [8]未定义数组下标: 7[E:\f\phpace\extend\lib\html\BuildMenuHtml.php:34]
[ error ] [8]未定义数组下标: 9[E:\f\phpace\extend\lib\html\BuildMenuHtml.php:34]
[ error ] [8]未定义数组下标: 10[E:\f\phpace\extend\lib\html\BuildMenuHtml.php:34]
[ error ] [8]未定义数组下标: 11[E:\f\phpace\extend\lib\html\BuildMenuHtml.php:34]
[ error ] [8]未定义数组下标: 12[E:\f\phpace\extend\lib\html\BuildMenuHtml.php:34]
[ error ] [8]未定义数组下标: 13[E:\f\phpace\extend\lib\html\BuildMenuHtml.php:34]
[ error ] [8]未定义数组下标: 14[E:\f\phpace\extend\lib\html\BuildMenuHtml.php:34]
[ error ] [8]未定义数组下标: 17[E:\f\phpace\extend\lib\html\BuildMenuHtml.php:34]
[ error ] [8]未定义数组下标: 15[E:\f\phpace\extend\lib\html\BuildMenuHtml.php:34]
[ error ] [8]未定义数组下标: 19[E:\f\phpace\extend\lib\html\BuildMenuHtml.php:34]

---------------------------------------------------------------
[ 2017-03-28T09:27:51+08:00 ] 127.0.0.1 127.0.0.1 GET /phpace/public//index/index/content
[ log ] lnbei.com/phpace/public//index/index/content [运行时间：0.118007s][吞吐率：8.47req/s] [内存消耗：1,842.30kb] [文件加载：38]
[ info ] [ LANG ] E:\f\phpace\thinkphp\lang\zh-cn.php
[ info ] [ ROUTE ] array (
  'type' => 'module',
  'module' => 
  array (
    0 => 'index',
    1 => 'index',
    2 => 'content',
  ),
)
[ info ] [ HEADER ] array (
  'host' => 'lnbei.com',
  'connection' => 'keep-alive',
  'accept' => '*/*',
  'x-requested-with' => 'XMLHttpRequest',
  'user-agent' => 'Mozilla/5.0 (Windows NT 6.1; WOW64) AppleWebKit/537.36 (KHTML, like Gecko) Chrome/56.0.2924.87 Safari/537.36',
  'referer' => 'http://lnbei.com/phpace/public/',
  'accept-encoding' => 'gzip, deflate, sdch',
  'accept-language' => 'zh-CN,zh;q=0.8',
  'cookie' => 'PHPSESSID=hvc7qp4tcqjgo4ojuj39j6kq84',
)
[ info ] [ PARAM ] array (
)
[ info ] [ RUN ] app\index\controller\Index->content[ E:\f\phpace\application\index\controller\Index.php ]
[ info ] [ VIEW ] E:\f\phpace\public/../application/index\view\index\content.html [ array (
) ]
[ info ] [ LOG ] INIT File

---------------------------------------------------------------
[ 2017-03-28T09:28:24+08:00 ] 127.0.0.1 127.0.0.1 GET /phpace/public//page/profile
[ log ] lnbei.com/phpace/public//page/profile [运行时间：0.078004s][吞吐率：12.82req/s] [内存消耗：1,522.80kb] [文件加载：33]
[ info ] [ LANG ] E:\f\phpace\thinkphp\lang\zh-cn.php
[ info ] [ ROUTE ] array (
  'type' => 'module',
  'module' => 
  array (
    0 => 'page',
    1 => 'profile',
    2 => NULL,
  ),
)
[ info ] [ HEADER ] array (
  'host' => 'lnbei.com',
  'connection' => 'keep-alive',
  'accept' => '*/*',
  'x-requested-with' => 'XMLHttpRequest',
  'user-agent' => 'Mozilla/5.0 (Windows NT 6.1; WOW64) AppleWebKit/537.36 (KHTML, like Gecko) Chrome/56.0.2924.87 Safari/537.36',
  'referer' => 'http://lnbei.com/phpace/public/',
  'accept-encoding' => 'gzip, deflate, sdch',
  'accept-language' => 'zh-CN,zh;q=0.8',
  'cookie' => 'PHPSESSID=hvc7qp4tcqjgo4ojuj39j6kq84',
)
[ info ] [ PARAM ] array (
)
[ info ] [ LOG ] INIT File

---------------------------------------------------------------
[ 2017-03-28T09:30:27+08:00 ] 127.0.0.1 127.0.0.1 GET /phpace/public/static/components/bootstrap-datepicker/dist/css/bootstrap-datepicker3.css.map
[ log ] lnbei.com/phpace/public/static/components/bootstrap-datepicker/dist/css/bootstrap-datepicker3.css.map [运行时间：0.047003s][吞吐率：21.28req/s] [内存消耗：1,523.05kb] [文件加载：33]
[ info ] [ LANG ] E:\f\phpace\thinkphp\lang\zh-cn.php
[ info ] [ ROUTE ] array (
  'type' => 'module',
  'module' => 
  array (
    0 => 'static',
    1 => 'components',
    2 => 'bootstrap-datepicker',
  ),
)
[ info ] [ HEADER ] array (
  'host' => 'lnbei.com',
  'connection' => 'keep-alive',
  'user-agent' => 'Mozilla/5.0 (Windows NT 6.1; WOW64) AppleWebKit/537.36 (KHTML, like Gecko) Chrome/56.0.2924.87 Safari/537.36',
  'accept-encoding' => 'gzip, deflate, sdch',
  'accept-language' => 'zh-CN,zh;q=0.8',
  'cookie' => 'PHPSESSID=hvc7qp4tcqjgo4ojuj39j6kq84',
)
[ info ] [ PARAM ] array (
  'dist' => 'css',
)
[ info ] [ LOG ] INIT File

---------------------------------------------------------------
[ 2017-03-28T18:28:56+08:00 ] 127.0.0.1 127.0.0.1 GET /phpace/public/
[ log ] lnbei.com/phpace/public/ [运行时间：0.170010s][吞吐率：5.88req/s] [内存消耗：1,843.05kb] [文件加载：38]
[ info ] [ LANG ] E:\f\phpace\thinkphp\lang\zh-cn.php
[ info ] [ ROUTE ] array (
  'type' => 'module',
  'module' => 
  array (
    0 => '',
    1 => NULL,
    2 => NULL,
  ),
)
[ info ] [ HEADER ] array (
  'host' => 'lnbei.com',
  'connection' => 'keep-alive',
  'upgrade-insecure-requests' => '1',
  'user-agent' => 'Mozilla/5.0 (Windows NT 6.1; WOW64) AppleWebKit/537.36 (KHTML, like Gecko) Chrome/56.0.2924.87 Safari/537.36',
  'accept' => 'text/html,application/xhtml+xml,application/xml;q=0.9,image/webp,*/*;q=0.8',
  'accept-encoding' => 'gzip, deflate, sdch',
  'accept-language' => 'zh-CN,zh;q=0.8',
  'cookie' => 'PHPSESSID=hvc7qp4tcqjgo4ojuj39j6kq84',
)
[ info ] [ PARAM ] array (
)
[ info ] [ RUN ] app\index\controller\Index->index[ E:\f\phpace\application\index\controller\Index.php ]
[ info ] [ SESSION ] INIT array (
  'id' => '',
  'var_session_id' => 'sss',
  'prefix' => 'think',
  'type' => '',
  'auto_start' => true,
)
[ info ] [ VIEW ] E:\f\phpace\public/../application/index\view\Login\login.html [ array (
) ]
[ info ] [ LOG ] INIT File

---------------------------------------------------------------
